{"/Users/mengweikang/Desktop/yzw-rx-form/packages/core/src/index.ts": {"path":"/Users/mengweikang/Desktop/yzw-rx-form/packages/core/src/index.ts","all":false,"statementMap":{"0":{"start":{"line":1,"column":0},"end":{"line":1,"column":3}},"1":{"start":{"line":2,"column":0},"end":{"line":2,"column":11}},"2":{"start":{"line":3,"column":0},"end":{"line":3,"column":3}},"3":{"start":{"line":4,"column":0},"end":{"line":4,"column":0}},"4":{"start":{"line":5,"column":0},"end":{"line":5,"column":55}},"5":{"start":{"line":6,"column":0},"end":{"line":6,"column":55}},"6":{"start":{"line":7,"column":0},"end":{"line":7,"column":53}},"7":{"start":{"line":8,"column":0},"end":{"line":8,"column":53}},"8":{"start":{"line":9,"column":0},"end":{"line":9,"column":0}},"9":{"start":{"line":10,"column":0},"end":{"line":10,"column":13}},"10":{"start":{"line":11,"column":0},"end":{"line":11,"column":21}},"11":{"start":{"line":12,"column":0},"end":{"line":12,"column":19}},"12":{"start":{"line":13,"column":0},"end":{"line":13,"column":18}},"13":{"start":{"line":14,"column":0},"end":{"line":14,"column":26}},"14":{"start":{"line":15,"column":0},"end":{"line":15,"column":25}},"15":{"start":{"line":16,"column":0},"end":{"line":16,"column":14}},"16":{"start":{"line":17,"column":0},"end":{"line":17,"column":18}},"17":{"start":{"line":18,"column":0},"end":{"line":18,"column":22}},"18":{"start":{"line":19,"column":0},"end":{"line":19,"column":9}},"19":{"start":{"line":20,"column":0},"end":{"line":20,"column":21}},"20":{"start":{"line":21,"column":0},"end":{"line":21,"column":20}},"21":{"start":{"line":22,"column":0},"end":{"line":22,"column":8}},"22":{"start":{"line":23,"column":0},"end":{"line":23,"column":13}},"23":{"start":{"line":24,"column":0},"end":{"line":24,"column":17}},"24":{"start":{"line":25,"column":0},"end":{"line":25,"column":0}},"25":{"start":{"line":26,"column":0},"end":{"line":26,"column":3}},"26":{"start":{"line":27,"column":0},"end":{"line":27,"column":13}},"27":{"start":{"line":28,"column":0},"end":{"line":28,"column":3}},"28":{"start":{"line":29,"column":0},"end":{"line":29,"column":0}},"29":{"start":{"line":30,"column":0},"end":{"line":30,"column":8}},"30":{"start":{"line":31,"column":0},"end":{"line":31,"column":20}},"31":{"start":{"line":32,"column":0},"end":{"line":32,"column":24}},"32":{"start":{"line":33,"column":0},"end":{"line":33,"column":15}},"33":{"start":{"line":34,"column":0},"end":{"line":34,"column":15}},"34":{"start":{"line":35,"column":0},"end":{"line":35,"column":17}},"35":{"start":{"line":36,"column":0},"end":{"line":36,"column":21}},"36":{"start":{"line":37,"column":0},"end":{"line":37,"column":21}},"37":{"start":{"line":38,"column":0},"end":{"line":38,"column":16}},"38":{"start":{"line":39,"column":0},"end":{"line":39,"column":19}},"39":{"start":{"line":40,"column":0},"end":{"line":40,"column":22}},"40":{"start":{"line":41,"column":0},"end":{"line":41,"column":0}},"41":{"start":{"line":42,"column":0},"end":{"line":42,"column":8}},"42":{"start":{"line":43,"column":0},"end":{"line":43,"column":27}},"43":{"start":{"line":44,"column":0},"end":{"line":44,"column":31}},"44":{"start":{"line":45,"column":0},"end":{"line":45,"column":22}},"45":{"start":{"line":46,"column":0},"end":{"line":46,"column":22}},"46":{"start":{"line":47,"column":0},"end":{"line":47,"column":24}},"47":{"start":{"line":48,"column":0},"end":{"line":48,"column":28}},"48":{"start":{"line":49,"column":0},"end":{"line":49,"column":28}},"49":{"start":{"line":50,"column":0},"end":{"line":50,"column":26}},"50":{"start":{"line":51,"column":0},"end":{"line":51,"column":41}},"51":{"start":{"line":52,"column":0},"end":{"line":52,"column":0}},"52":{"start":{"line":53,"column":0},"end":{"line":53,"column":73}}},"s":{"0":1,"1":1,"2":1,"3":1,"4":1,"5":1,"6":1,"7":1,"8":1,"9":1,"10":1,"11":1,"12":1,"13":1,"14":1,"15":1,"16":1,"17":1,"18":1,"19":1,"20":1,"21":1,"22":1,"23":1,"24":1,"25":1,"26":1,"27":1,"28":1,"29":1,"30":1,"31":1,"32":1,"33":1,"34":1,"35":1,"36":1,"37":1,"38":1,"39":1,"40":1,"41":1,"42":1,"43":1,"44":1,"45":1,"46":1,"47":1,"48":1,"49":1,"50":1,"51":1,"52":1},"branchMap":{"0":{"type":"branch","line":5,"loc":{"start":{"line":5,"column":9},"end":{"line":5,"column":55}},"locations":[{"start":{"line":5,"column":9},"end":{"line":5,"column":55}}]},"1":{"type":"branch","line":6,"loc":{"start":{"line":6,"column":9},"end":{"line":6,"column":55}},"locations":[{"start":{"line":6,"column":9},"end":{"line":6,"column":55}}]},"2":{"type":"branch","line":7,"loc":{"start":{"line":7,"column":9},"end":{"line":7,"column":53}},"locations":[{"start":{"line":7,"column":9},"end":{"line":7,"column":53}}]},"3":{"type":"branch","line":8,"loc":{"start":{"line":8,"column":9},"end":{"line":8,"column":53}},"locations":[{"start":{"line":8,"column":9},"end":{"line":8,"column":53}}]},"4":{"type":"branch","line":31,"loc":{"start":{"line":31,"column":2},"end":{"line":31,"column":20}},"locations":[{"start":{"line":31,"column":2},"end":{"line":31,"column":20}}]},"5":{"type":"branch","line":32,"loc":{"start":{"line":32,"column":2},"end":{"line":32,"column":24}},"locations":[{"start":{"line":32,"column":2},"end":{"line":32,"column":24}}]},"6":{"type":"branch","line":33,"loc":{"start":{"line":33,"column":2},"end":{"line":33,"column":15}},"locations":[{"start":{"line":33,"column":2},"end":{"line":33,"column":15}}]},"7":{"type":"branch","line":34,"loc":{"start":{"line":34,"column":2},"end":{"line":34,"column":15}},"locations":[{"start":{"line":34,"column":2},"end":{"line":34,"column":15}}]},"8":{"type":"branch","line":35,"loc":{"start":{"line":35,"column":2},"end":{"line":35,"column":17}},"locations":[{"start":{"line":35,"column":2},"end":{"line":35,"column":17}}]},"9":{"type":"branch","line":36,"loc":{"start":{"line":36,"column":2},"end":{"line":36,"column":21}},"locations":[{"start":{"line":36,"column":2},"end":{"line":36,"column":21}}]},"10":{"type":"branch","line":37,"loc":{"start":{"line":37,"column":2},"end":{"line":37,"column":21}},"locations":[{"start":{"line":37,"column":2},"end":{"line":37,"column":21}}]},"11":{"type":"branch","line":39,"loc":{"start":{"line":39,"column":2},"end":{"line":39,"column":19}},"locations":[{"start":{"line":39,"column":2},"end":{"line":39,"column":19}}]},"12":{"type":"branch","line":43,"loc":{"start":{"line":43,"column":2},"end":{"line":43,"column":27}},"locations":[{"start":{"line":43,"column":2},"end":{"line":43,"column":27}}]},"13":{"type":"branch","line":44,"loc":{"start":{"line":44,"column":2},"end":{"line":44,"column":31}},"locations":[{"start":{"line":44,"column":2},"end":{"line":44,"column":31}}]},"14":{"type":"branch","line":45,"loc":{"start":{"line":45,"column":2},"end":{"line":45,"column":22}},"locations":[{"start":{"line":45,"column":2},"end":{"line":45,"column":22}}]},"15":{"type":"branch","line":46,"loc":{"start":{"line":46,"column":2},"end":{"line":46,"column":22}},"locations":[{"start":{"line":46,"column":2},"end":{"line":46,"column":22}}]},"16":{"type":"branch","line":47,"loc":{"start":{"line":47,"column":2},"end":{"line":47,"column":24}},"locations":[{"start":{"line":47,"column":2},"end":{"line":47,"column":24}}]},"17":{"type":"branch","line":48,"loc":{"start":{"line":48,"column":2},"end":{"line":48,"column":28}},"locations":[{"start":{"line":48,"column":2},"end":{"line":48,"column":28}}]},"18":{"type":"branch","line":49,"loc":{"start":{"line":49,"column":2},"end":{"line":49,"column":28}},"locations":[{"start":{"line":49,"column":2},"end":{"line":49,"column":28}}]},"19":{"type":"branch","line":50,"loc":{"start":{"line":50,"column":2},"end":{"line":50,"column":26}},"locations":[{"start":{"line":50,"column":2},"end":{"line":50,"column":26}}]},"20":{"type":"branch","line":53,"loc":{"start":{"line":53,"column":9},"end":{"line":53,"column":73}},"locations":[{"start":{"line":53,"column":9},"end":{"line":53,"column":73}}]}},"b":{"0":[204],"1":[21],"2":[23],"3":[2],"4":[13],"5":[2],"6":[15],"7":[15],"8":[4],"9":[15],"10":[15],"11":[14],"12":[19],"13":[2],"14":[16],"15":[15],"16":[4],"17":[15],"18":[15],"19":[14],"20":[6]},"fnMap":{"0":{"name":"get","decl":{"start":{"line":5,"column":9},"end":{"line":5,"column":55}},"loc":{"start":{"line":5,"column":9},"end":{"line":5,"column":55}},"line":5},"1":{"name":"get","decl":{"start":{"line":6,"column":9},"end":{"line":6,"column":55}},"loc":{"start":{"line":6,"column":9},"end":{"line":6,"column":55}},"line":6},"2":{"name":"get","decl":{"start":{"line":7,"column":9},"end":{"line":7,"column":53}},"loc":{"start":{"line":7,"column":9},"end":{"line":7,"column":53}},"line":7},"3":{"name":"get","decl":{"start":{"line":8,"column":9},"end":{"line":8,"column":53}},"loc":{"start":{"line":8,"column":9},"end":{"line":8,"column":53}},"line":8},"4":{"name":"get","decl":{"start":{"line":31,"column":2},"end":{"line":31,"column":20}},"loc":{"start":{"line":31,"column":2},"end":{"line":31,"column":20}},"line":31},"5":{"name":"get","decl":{"start":{"line":32,"column":2},"end":{"line":32,"column":24}},"loc":{"start":{"line":32,"column":2},"end":{"line":32,"column":24}},"line":32},"6":{"name":"get","decl":{"start":{"line":33,"column":2},"end":{"line":33,"column":15}},"loc":{"start":{"line":33,"column":2},"end":{"line":33,"column":15}},"line":33},"7":{"name":"get","decl":{"start":{"line":34,"column":2},"end":{"line":34,"column":15}},"loc":{"start":{"line":34,"column":2},"end":{"line":34,"column":15}},"line":34},"8":{"name":"get","decl":{"start":{"line":35,"column":2},"end":{"line":35,"column":17}},"loc":{"start":{"line":35,"column":2},"end":{"line":35,"column":17}},"line":35},"9":{"name":"get","decl":{"start":{"line":36,"column":2},"end":{"line":36,"column":21}},"loc":{"start":{"line":36,"column":2},"end":{"line":36,"column":21}},"line":36},"10":{"name":"get","decl":{"start":{"line":37,"column":2},"end":{"line":37,"column":21}},"loc":{"start":{"line":37,"column":2},"end":{"line":37,"column":21}},"line":37},"11":{"name":"get","decl":{"start":{"line":38,"column":2},"end":{"line":38,"column":16}},"loc":{"start":{"line":38,"column":2},"end":{"line":38,"column":16}},"line":38},"12":{"name":"get","decl":{"start":{"line":39,"column":2},"end":{"line":39,"column":19}},"loc":{"start":{"line":39,"column":2},"end":{"line":39,"column":19}},"line":39},"13":{"name":"get","decl":{"start":{"line":43,"column":2},"end":{"line":43,"column":27}},"loc":{"start":{"line":43,"column":2},"end":{"line":43,"column":27}},"line":43},"14":{"name":"get","decl":{"start":{"line":44,"column":2},"end":{"line":44,"column":31}},"loc":{"start":{"line":44,"column":2},"end":{"line":44,"column":31}},"line":44},"15":{"name":"get","decl":{"start":{"line":45,"column":2},"end":{"line":45,"column":22}},"loc":{"start":{"line":45,"column":2},"end":{"line":45,"column":22}},"line":45},"16":{"name":"get","decl":{"start":{"line":46,"column":2},"end":{"line":46,"column":22}},"loc":{"start":{"line":46,"column":2},"end":{"line":46,"column":22}},"line":46},"17":{"name":"get","decl":{"start":{"line":47,"column":2},"end":{"line":47,"column":24}},"loc":{"start":{"line":47,"column":2},"end":{"line":47,"column":24}},"line":47},"18":{"name":"get","decl":{"start":{"line":48,"column":2},"end":{"line":48,"column":28}},"loc":{"start":{"line":48,"column":2},"end":{"line":48,"column":28}},"line":48},"19":{"name":"get","decl":{"start":{"line":49,"column":2},"end":{"line":49,"column":28}},"loc":{"start":{"line":49,"column":2},"end":{"line":49,"column":28}},"line":49},"20":{"name":"get","decl":{"start":{"line":50,"column":2},"end":{"line":50,"column":26}},"loc":{"start":{"line":50,"column":2},"end":{"line":50,"column":26}},"line":50},"21":{"name":"get","decl":{"start":{"line":53,"column":9},"end":{"line":53,"column":73}},"loc":{"start":{"line":53,"column":9},"end":{"line":53,"column":73}},"line":53}},"f":{"0":204,"1":21,"2":23,"3":2,"4":13,"5":2,"6":15,"7":15,"8":4,"9":15,"10":15,"11":0,"12":14,"13":19,"14":2,"15":16,"16":15,"17":4,"18":15,"19":15,"20":14,"21":6}}
,"/Users/mengweikang/Desktop/yzw-rx-form/packages/core/src/controls/baseControl.ts": {"path":"/Users/mengweikang/Desktop/yzw-rx-form/packages/core/src/controls/baseControl.ts","all":false,"statementMap":{"0":{"start":{"line":1,"column":0},"end":{"line":1,"column":42}},"1":{"start":{"line":2,"column":0},"end":{"line":2,"column":33}},"2":{"start":{"line":3,"column":0},"end":{"line":3,"column":0}},"3":{"start":{"line":4,"column":0},"end":{"line":4,"column":92}},"4":{"start":{"line":5,"column":0},"end":{"line":5,"column":50}},"5":{"start":{"line":6,"column":0},"end":{"line":6,"column":0}},"6":{"start":{"line":7,"column":0},"end":{"line":7,"column":46}},"7":{"start":{"line":8,"column":0},"end":{"line":8,"column":44}},"8":{"start":{"line":9,"column":0},"end":{"line":9,"column":0}},"9":{"start":{"line":10,"column":0},"end":{"line":10,"column":74}},"10":{"start":{"line":11,"column":0},"end":{"line":11,"column":15}},"11":{"start":{"line":12,"column":0},"end":{"line":12,"column":23}},"12":{"start":{"line":13,"column":0},"end":{"line":13,"column":3}},"13":{"start":{"line":14,"column":0},"end":{"line":14,"column":0}},"14":{"start":{"line":15,"column":0},"end":{"line":15,"column":16}},"15":{"start":{"line":16,"column":0},"end":{"line":16,"column":24}},"16":{"start":{"line":17,"column":0},"end":{"line":17,"column":3}},"17":{"start":{"line":18,"column":0},"end":{"line":18,"column":0}},"18":{"start":{"line":19,"column":0},"end":{"line":19,"column":24}},"19":{"start":{"line":20,"column":0},"end":{"line":20,"column":32}},"20":{"start":{"line":21,"column":0},"end":{"line":21,"column":6}},"21":{"start":{"line":22,"column":0},"end":{"line":22,"column":0}},"22":{"start":{"line":23,"column":0},"end":{"line":23,"column":15}},"23":{"start":{"line":24,"column":0},"end":{"line":24,"column":23}},"24":{"start":{"line":25,"column":0},"end":{"line":25,"column":3}},"25":{"start":{"line":26,"column":0},"end":{"line":26,"column":0}},"26":{"start":{"line":27,"column":0},"end":{"line":27,"column":17}},"27":{"start":{"line":28,"column":0},"end":{"line":28,"column":24}},"28":{"start":{"line":29,"column":0},"end":{"line":29,"column":3}},"29":{"start":{"line":30,"column":0},"end":{"line":30,"column":0}},"30":{"start":{"line":31,"column":0},"end":{"line":31,"column":18}},"31":{"start":{"line":32,"column":0},"end":{"line":32,"column":26}},"32":{"start":{"line":33,"column":0},"end":{"line":33,"column":3}},"33":{"start":{"line":34,"column":0},"end":{"line":34,"column":0}},"34":{"start":{"line":35,"column":0},"end":{"line":35,"column":17}},"35":{"start":{"line":36,"column":0},"end":{"line":36,"column":27}},"36":{"start":{"line":37,"column":0},"end":{"line":37,"column":3}},"37":{"start":{"line":38,"column":0},"end":{"line":38,"column":0}},"38":{"start":{"line":39,"column":0},"end":{"line":39,"column":15}},"39":{"start":{"line":40,"column":0},"end":{"line":40,"column":23}},"40":{"start":{"line":41,"column":0},"end":{"line":41,"column":3}},"41":{"start":{"line":42,"column":0},"end":{"line":42,"column":0}},"42":{"start":{"line":43,"column":0},"end":{"line":43,"column":18}},"43":{"start":{"line":44,"column":0},"end":{"line":44,"column":24}},"44":{"start":{"line":45,"column":0},"end":{"line":45,"column":3}},"45":{"start":{"line":46,"column":0},"end":{"line":46,"column":0}},"46":{"start":{"line":47,"column":0},"end":{"line":47,"column":21}},"47":{"start":{"line":48,"column":0},"end":{"line":48,"column":76}},"48":{"start":{"line":49,"column":0},"end":{"line":49,"column":3}},"49":{"start":{"line":50,"column":0},"end":{"line":50,"column":0}},"50":{"start":{"line":51,"column":0},"end":{"line":51,"column":22}},"51":{"start":{"line":52,"column":0},"end":{"line":52,"column":77}},"52":{"start":{"line":53,"column":0},"end":{"line":53,"column":3}},"53":{"start":{"line":54,"column":0},"end":{"line":54,"column":0}},"54":{"start":{"line":55,"column":0},"end":{"line":55,"column":30}},"55":{"start":{"line":56,"column":0},"end":{"line":56,"column":85}},"56":{"start":{"line":57,"column":0},"end":{"line":57,"column":6}},"57":{"start":{"line":58,"column":0},"end":{"line":58,"column":0}},"58":{"start":{"line":59,"column":0},"end":{"line":59,"column":24}},"59":{"start":{"line":60,"column":0},"end":{"line":60,"column":79}},"60":{"start":{"line":61,"column":0},"end":{"line":61,"column":3}},"61":{"start":{"line":62,"column":0},"end":{"line":62,"column":0}},"62":{"start":{"line":63,"column":0},"end":{"line":63,"column":21}},"63":{"start":{"line":64,"column":0},"end":{"line":64,"column":76}},"64":{"start":{"line":65,"column":0},"end":{"line":65,"column":3}},"65":{"start":{"line":66,"column":0},"end":{"line":66,"column":0}},"66":{"start":{"line":67,"column":0},"end":{"line":67,"column":21}},"67":{"start":{"line":68,"column":0},"end":{"line":68,"column":76}},"68":{"start":{"line":69,"column":0},"end":{"line":69,"column":3}},"69":{"start":{"line":70,"column":0},"end":{"line":70,"column":0}},"70":{"start":{"line":71,"column":0},"end":{"line":71,"column":79}},"71":{"start":{"line":72,"column":0},"end":{"line":72,"column":66}},"72":{"start":{"line":73,"column":0},"end":{"line":73,"column":34}},"73":{"start":{"line":74,"column":0},"end":{"line":74,"column":33}},"74":{"start":{"line":75,"column":0},"end":{"line":75,"column":120}},"75":{"start":{"line":76,"column":0},"end":{"line":76,"column":4}},"76":{"start":{"line":77,"column":0},"end":{"line":77,"column":79}},"77":{"start":{"line":78,"column":0},"end":{"line":78,"column":52}},"78":{"start":{"line":79,"column":0},"end":{"line":79,"column":25}},"79":{"start":{"line":80,"column":0},"end":{"line":80,"column":51}},"80":{"start":{"line":81,"column":0},"end":{"line":81,"column":16}},"81":{"start":{"line":82,"column":0},"end":{"line":82,"column":26}},"82":{"start":{"line":83,"column":0},"end":{"line":83,"column":22}},"83":{"start":{"line":84,"column":0},"end":{"line":84,"column":14}},"84":{"start":{"line":85,"column":0},"end":{"line":85,"column":11}},"85":{"start":{"line":86,"column":0},"end":{"line":86,"column":9}},"86":{"start":{"line":87,"column":0},"end":{"line":87,"column":6}},"87":{"start":{"line":88,"column":0},"end":{"line":88,"column":0}},"88":{"start":{"line":89,"column":0},"end":{"line":89,"column":36}},"89":{"start":{"line":90,"column":0},"end":{"line":90,"column":0}},"90":{"start":{"line":91,"column":0},"end":{"line":91,"column":25}},"91":{"start":{"line":92,"column":0},"end":{"line":92,"column":0}},"92":{"start":{"line":93,"column":0},"end":{"line":93,"column":31}},"93":{"start":{"line":94,"column":0},"end":{"line":94,"column":0}},"94":{"start":{"line":95,"column":0},"end":{"line":95,"column":23}},"95":{"start":{"line":96,"column":0},"end":{"line":96,"column":42}},"96":{"start":{"line":97,"column":0},"end":{"line":97,"column":50}},"97":{"start":{"line":98,"column":0},"end":{"line":98,"column":32}},"98":{"start":{"line":99,"column":0},"end":{"line":99,"column":29}},"99":{"start":{"line":100,"column":0},"end":{"line":100,"column":27}},"100":{"start":{"line":101,"column":0},"end":{"line":101,"column":43}},"101":{"start":{"line":102,"column":0},"end":{"line":102,"column":56}},"102":{"start":{"line":103,"column":0},"end":{"line":103,"column":36}},"103":{"start":{"line":104,"column":0},"end":{"line":104,"column":41}},"104":{"start":{"line":105,"column":0},"end":{"line":105,"column":0}},"105":{"start":{"line":106,"column":0},"end":{"line":106,"column":45}},"106":{"start":{"line":107,"column":0},"end":{"line":107,"column":54}},"107":{"start":{"line":108,"column":0},"end":{"line":108,"column":49}},"108":{"start":{"line":109,"column":0},"end":{"line":109,"column":51}},"109":{"start":{"line":110,"column":0},"end":{"line":110,"column":58}},"110":{"start":{"line":111,"column":0},"end":{"line":111,"column":66}},"111":{"start":{"line":112,"column":0},"end":{"line":112,"column":43}},"112":{"start":{"line":113,"column":0},"end":{"line":113,"column":0}},"113":{"start":{"line":114,"column":0},"end":{"line":114,"column":76}},"114":{"start":{"line":115,"column":0},"end":{"line":115,"column":0}},"115":{"start":{"line":116,"column":0},"end":{"line":116,"column":31}},"116":{"start":{"line":117,"column":0},"end":{"line":117,"column":13}},"117":{"start":{"line":118,"column":0},"end":{"line":118,"column":5}},"118":{"start":{"line":119,"column":0},"end":{"line":119,"column":23}},"119":{"start":{"line":120,"column":0},"end":{"line":120,"column":20}},"120":{"start":{"line":121,"column":0},"end":{"line":121,"column":26}},"121":{"start":{"line":122,"column":0},"end":{"line":122,"column":22}},"122":{"start":{"line":123,"column":0},"end":{"line":123,"column":35}},"123":{"start":{"line":124,"column":0},"end":{"line":124,"column":30}},"124":{"start":{"line":125,"column":0},"end":{"line":125,"column":29}},"125":{"start":{"line":126,"column":0},"end":{"line":126,"column":26}},"126":{"start":{"line":127,"column":0},"end":{"line":127,"column":8}},"127":{"start":{"line":128,"column":0},"end":{"line":128,"column":24}},"128":{"start":{"line":129,"column":0},"end":{"line":129,"column":34}},"129":{"start":{"line":130,"column":0},"end":{"line":130,"column":47}},"130":{"start":{"line":131,"column":0},"end":{"line":131,"column":30}},"131":{"start":{"line":132,"column":0},"end":{"line":132,"column":24}},"132":{"start":{"line":133,"column":0},"end":{"line":133,"column":38}},"133":{"start":{"line":134,"column":0},"end":{"line":134,"column":51}},"134":{"start":{"line":135,"column":0},"end":{"line":135,"column":23}},"135":{"start":{"line":136,"column":0},"end":{"line":136,"column":51}},"136":{"start":{"line":137,"column":0},"end":{"line":137,"column":5}},"137":{"start":{"line":138,"column":0},"end":{"line":138,"column":0}},"138":{"start":{"line":139,"column":0},"end":{"line":139,"column":43}},"139":{"start":{"line":140,"column":0},"end":{"line":140,"column":26}},"140":{"start":{"line":141,"column":0},"end":{"line":141,"column":7}},"141":{"start":{"line":142,"column":0},"end":{"line":142,"column":0}},"142":{"start":{"line":143,"column":0},"end":{"line":143,"column":45}},"143":{"start":{"line":144,"column":0},"end":{"line":144,"column":28}},"144":{"start":{"line":145,"column":0},"end":{"line":145,"column":7}},"145":{"start":{"line":146,"column":0},"end":{"line":146,"column":0}},"146":{"start":{"line":147,"column":0},"end":{"line":147,"column":67}},"147":{"start":{"line":148,"column":0},"end":{"line":148,"column":37}},"148":{"start":{"line":149,"column":0},"end":{"line":149,"column":53}},"149":{"start":{"line":150,"column":0},"end":{"line":150,"column":10}},"150":{"start":{"line":151,"column":0},"end":{"line":151,"column":6}},"151":{"start":{"line":152,"column":0},"end":{"line":152,"column":53}},"152":{"start":{"line":153,"column":0},"end":{"line":153,"column":36}},"153":{"start":{"line":154,"column":0},"end":{"line":154,"column":10}},"154":{"start":{"line":155,"column":0},"end":{"line":155,"column":0}},"155":{"start":{"line":156,"column":0},"end":{"line":156,"column":50}},"156":{"start":{"line":157,"column":0},"end":{"line":157,"column":33}},"157":{"start":{"line":158,"column":0},"end":{"line":158,"column":7}},"158":{"start":{"line":159,"column":0},"end":{"line":159,"column":0}},"159":{"start":{"line":160,"column":0},"end":{"line":160,"column":44}},"160":{"start":{"line":161,"column":0},"end":{"line":161,"column":27}},"161":{"start":{"line":162,"column":0},"end":{"line":162,"column":7}},"162":{"start":{"line":163,"column":0},"end":{"line":163,"column":0}},"163":{"start":{"line":164,"column":0},"end":{"line":164,"column":44}},"164":{"start":{"line":165,"column":0},"end":{"line":165,"column":27}},"165":{"start":{"line":166,"column":0},"end":{"line":166,"column":7}},"166":{"start":{"line":167,"column":0},"end":{"line":167,"column":0}},"167":{"start":{"line":168,"column":0},"end":{"line":168,"column":23}},"168":{"start":{"line":169,"column":0},"end":{"line":169,"column":63}},"169":{"start":{"line":170,"column":0},"end":{"line":170,"column":5}},"170":{"start":{"line":171,"column":0},"end":{"line":171,"column":0}},"171":{"start":{"line":172,"column":0},"end":{"line":172,"column":31}},"172":{"start":{"line":173,"column":0},"end":{"line":173,"column":12}},"173":{"start":{"line":174,"column":0},"end":{"line":174,"column":96}},"174":{"start":{"line":175,"column":0},"end":{"line":175,"column":12}},"175":{"start":{"line":176,"column":0},"end":{"line":176,"column":52}},"176":{"start":{"line":177,"column":0},"end":{"line":177,"column":71}},"177":{"start":{"line":178,"column":0},"end":{"line":178,"column":8}},"178":{"start":{"line":179,"column":0},"end":{"line":179,"column":0}},"179":{"start":{"line":180,"column":0},"end":{"line":180,"column":49}},"180":{"start":{"line":181,"column":0},"end":{"line":181,"column":111}},"181":{"start":{"line":182,"column":0},"end":{"line":182,"column":34}},"182":{"start":{"line":183,"column":0},"end":{"line":183,"column":0}},"183":{"start":{"line":184,"column":0},"end":{"line":184,"column":26}},"184":{"start":{"line":185,"column":0},"end":{"line":185,"column":51}},"185":{"start":{"line":186,"column":0},"end":{"line":186,"column":5}},"186":{"start":{"line":187,"column":0},"end":{"line":187,"column":4}},"187":{"start":{"line":188,"column":0},"end":{"line":188,"column":0}},"188":{"start":{"line":189,"column":0},"end":{"line":189,"column":38}},"189":{"start":{"line":190,"column":0},"end":{"line":190,"column":0}},"190":{"start":{"line":191,"column":0},"end":{"line":191,"column":19}},"191":{"start":{"line":192,"column":0},"end":{"line":192,"column":29}},"192":{"start":{"line":193,"column":0},"end":{"line":193,"column":4}},"193":{"start":{"line":194,"column":0},"end":{"line":194,"column":0}},"194":{"start":{"line":195,"column":0},"end":{"line":195,"column":42}},"195":{"start":{"line":196,"column":0},"end":{"line":196,"column":39}},"196":{"start":{"line":197,"column":0},"end":{"line":197,"column":13}},"197":{"start":{"line":198,"column":0},"end":{"line":198,"column":5}},"198":{"start":{"line":199,"column":0},"end":{"line":199,"column":37}},"199":{"start":{"line":200,"column":0},"end":{"line":200,"column":4}},"200":{"start":{"line":201,"column":0},"end":{"line":201,"column":0}},"201":{"start":{"line":202,"column":0},"end":{"line":202,"column":50}},"202":{"start":{"line":203,"column":0},"end":{"line":203,"column":47}},"203":{"start":{"line":204,"column":0},"end":{"line":204,"column":16}},"204":{"start":{"line":205,"column":0},"end":{"line":205,"column":8}},"205":{"start":{"line":206,"column":0},"end":{"line":206,"column":45}},"206":{"start":{"line":207,"column":0},"end":{"line":207,"column":7}},"207":{"start":{"line":208,"column":0},"end":{"line":208,"column":0}},"208":{"start":{"line":209,"column":0},"end":{"line":209,"column":50}},"209":{"start":{"line":210,"column":0},"end":{"line":210,"column":34}},"210":{"start":{"line":211,"column":0},"end":{"line":211,"column":29}},"211":{"start":{"line":212,"column":0},"end":{"line":212,"column":37}},"212":{"start":{"line":213,"column":0},"end":{"line":213,"column":5}},"213":{"start":{"line":214,"column":0},"end":{"line":214,"column":4}},"214":{"start":{"line":215,"column":0},"end":{"line":215,"column":0}},"215":{"start":{"line":216,"column":0},"end":{"line":216,"column":68}},"216":{"start":{"line":217,"column":0},"end":{"line":217,"column":47}},"217":{"start":{"line":218,"column":0},"end":{"line":218,"column":37}},"218":{"start":{"line":219,"column":0},"end":{"line":219,"column":45}},"219":{"start":{"line":220,"column":0},"end":{"line":220,"column":8}},"220":{"start":{"line":221,"column":0},"end":{"line":221,"column":7}},"221":{"start":{"line":222,"column":0},"end":{"line":222,"column":0}},"222":{"start":{"line":223,"column":0},"end":{"line":223,"column":19}},"223":{"start":{"line":224,"column":0},"end":{"line":224,"column":27}},"224":{"start":{"line":225,"column":0},"end":{"line":225,"column":4}},"225":{"start":{"line":226,"column":0},"end":{"line":226,"column":0}},"226":{"start":{"line":227,"column":0},"end":{"line":227,"column":18}},"227":{"start":{"line":228,"column":0},"end":{"line":228,"column":28}},"228":{"start":{"line":229,"column":0},"end":{"line":229,"column":4}},"229":{"start":{"line":230,"column":0},"end":{"line":230,"column":0}},"230":{"start":{"line":231,"column":0},"end":{"line":231,"column":23}},"231":{"start":{"line":232,"column":0},"end":{"line":232,"column":24}},"232":{"start":{"line":233,"column":0},"end":{"line":233,"column":4}},"233":{"start":{"line":234,"column":0},"end":{"line":234,"column":0}},"234":{"start":{"line":235,"column":0},"end":{"line":235,"column":26}},"235":{"start":{"line":236,"column":0},"end":{"line":236,"column":25}},"236":{"start":{"line":237,"column":0},"end":{"line":237,"column":4}},"237":{"start":{"line":238,"column":0},"end":{"line":238,"column":0}},"238":{"start":{"line":239,"column":0},"end":{"line":239,"column":35}},"239":{"start":{"line":240,"column":0},"end":{"line":240,"column":58}},"240":{"start":{"line":241,"column":0},"end":{"line":241,"column":0}},"241":{"start":{"line":242,"column":0},"end":{"line":242,"column":27}},"242":{"start":{"line":243,"column":0},"end":{"line":243,"column":35}},"243":{"start":{"line":244,"column":0},"end":{"line":244,"column":4}},"244":{"start":{"line":245,"column":0},"end":{"line":245,"column":0}},"245":{"start":{"line":246,"column":0},"end":{"line":246,"column":43}},"246":{"start":{"line":247,"column":0},"end":{"line":247,"column":32}},"247":{"start":{"line":248,"column":0},"end":{"line":248,"column":50}},"248":{"start":{"line":249,"column":0},"end":{"line":249,"column":7}},"249":{"start":{"line":250,"column":0},"end":{"line":250,"column":0}},"250":{"start":{"line":251,"column":0},"end":{"line":251,"column":42}},"251":{"start":{"line":252,"column":0},"end":{"line":252,"column":31}},"252":{"start":{"line":253,"column":0},"end":{"line":253,"column":13}},"253":{"start":{"line":254,"column":0},"end":{"line":254,"column":5}},"254":{"start":{"line":255,"column":0},"end":{"line":255,"column":7}},"255":{"start":{"line":256,"column":0},"end":{"line":256,"column":60}},"256":{"start":{"line":257,"column":0},"end":{"line":257,"column":7}},"257":{"start":{"line":258,"column":0},"end":{"line":258,"column":47}},"258":{"start":{"line":259,"column":0},"end":{"line":259,"column":16}},"259":{"start":{"line":260,"column":0},"end":{"line":260,"column":8}},"260":{"start":{"line":261,"column":0},"end":{"line":261,"column":0}},"261":{"start":{"line":262,"column":0},"end":{"line":262,"column":35}},"262":{"start":{"line":263,"column":0},"end":{"line":263,"column":4}},"263":{"start":{"line":264,"column":0},"end":{"line":264,"column":0}},"264":{"start":{"line":265,"column":0},"end":{"line":265,"column":56}},"265":{"start":{"line":266,"column":0},"end":{"line":266,"column":34}},"266":{"start":{"line":267,"column":0},"end":{"line":267,"column":16}},"267":{"start":{"line":268,"column":0},"end":{"line":268,"column":8}},"268":{"start":{"line":269,"column":0},"end":{"line":269,"column":38}},"269":{"start":{"line":270,"column":0},"end":{"line":270,"column":7}},"270":{"start":{"line":271,"column":0},"end":{"line":271,"column":0}},"271":{"start":{"line":272,"column":0},"end":{"line":272,"column":48}},"272":{"start":{"line":273,"column":0},"end":{"line":273,"column":37}},"273":{"start":{"line":274,"column":0},"end":{"line":274,"column":13}},"274":{"start":{"line":275,"column":0},"end":{"line":275,"column":5}},"275":{"start":{"line":276,"column":0},"end":{"line":276,"column":0}},"276":{"start":{"line":277,"column":0},"end":{"line":277,"column":41}},"277":{"start":{"line":278,"column":0},"end":{"line":278,"column":4}},"278":{"start":{"line":279,"column":0},"end":{"line":279,"column":0}},"279":{"start":{"line":280,"column":0},"end":{"line":280,"column":42}},"280":{"start":{"line":281,"column":0},"end":{"line":281,"column":31}},"281":{"start":{"line":282,"column":0},"end":{"line":282,"column":13}},"282":{"start":{"line":283,"column":0},"end":{"line":283,"column":5}},"283":{"start":{"line":284,"column":0},"end":{"line":284,"column":0}},"284":{"start":{"line":285,"column":0},"end":{"line":285,"column":35}},"285":{"start":{"line":286,"column":0},"end":{"line":286,"column":4}},"286":{"start":{"line":287,"column":0},"end":{"line":287,"column":1}}},"s":{"0":1,"1":1,"2":1,"3":1,"4":1,"5":1,"6":1,"7":1,"8":1,"9":1,"10":1,"11":466,"12":466,"13":1,"14":1,"15":496,"16":496,"17":1,"18":1,"19":1,"20":1,"21":1,"22":1,"23":59,"24":59,"25":1,"26":1,"27":1,"28":1,"29":1,"30":1,"31":27,"32":27,"33":1,"34":1,"35":51,"36":51,"37":1,"38":1,"39":55,"40":55,"41":1,"42":1,"43":6,"44":6,"45":1,"46":1,"47":990,"48":990,"49":1,"50":1,"51":311,"52":311,"53":1,"54":1,"55":1,"56":1,"57":1,"58":1,"59":394,"60":394,"61":1,"62":1,"63":310,"64":310,"65":1,"66":1,"67":389,"68":389,"69":1,"70":1,"71":1,"72":1,"73":1,"74":1,"75":1,"76":1,"77":1,"78":1,"79":1,"80":1,"81":1,"82":1,"83":1,"84":1,"85":1,"86":1,"87":1,"88":1,"89":1,"90":1,"91":1,"92":1,"93":1,"94":1,"95":295,"96":295,"97":295,"98":295,"99":295,"100":295,"101":295,"102":295,"103":295,"104":295,"105":295,"106":295,"107":295,"108":295,"109":295,"110":295,"111":295,"112":295,"113":295,"114":295,"115":295,"116":295,"117":295,"118":295,"119":295,"120":295,"121":295,"122":295,"123":295,"124":295,"125":295,"126":295,"127":295,"128":295,"129":295,"130":295,"131":295,"132":295,"133":295,"134":295,"135":293,"136":293,"137":295,"138":295,"139":6,"140":295,"141":295,"142":295,"143":5,"144":295,"145":295,"146":295,"147":295,"148":295,"149":295,"150":295,"151":295,"152":295,"153":295,"154":295,"155":295,"156":3,"157":295,"158":295,"159":295,"160":26,"161":295,"162":295,"163":295,"164":30,"165":295,"166":295,"167":295,"168":293,"169":293,"170":295,"171":295,"172":295,"173":295,"174":295,"175":295,"176":295,"177":295,"178":295,"179":295,"180":295,"181":295,"182":295,"183":295,"184":294,"185":294,"186":295,"187":295,"188":295,"189":295,"190":295,"191":1,"192":295,"193":295,"194":295,"195":33,"196":28,"197":28,"198":5,"199":295,"200":295,"201":295,"202":295,"203":295,"204":295,"205":295,"206":295,"207":295,"208":295,"209":5,"210":5,"211":3,"212":3,"213":295,"214":295,"215":295,"216":295,"217":295,"218":295,"219":295,"220":295,"221":295,"222":295,"223":2,"224":295,"225":295,"226":295,"227":2,"228":295,"229":295,"230":295,"231":30,"232":295,"233":295,"234":295,"235":3,"236":295,"237":295,"238":295,"239":33,"240":33,"241":33,"242":33,"243":295,"244":295,"245":295,"246":295,"247":295,"248":295,"249":295,"250":295,"251":34,"252":28,"253":28,"254":6,"255":6,"256":6,"257":6,"258":6,"259":6,"260":6,"261":6,"262":295,"263":295,"264":295,"265":295,"266":295,"267":295,"268":295,"269":295,"270":295,"271":295,"272":4,"273":1,"274":1,"275":3,"276":3,"277":295,"278":295,"279":295,"280":33,"281":7,"282":7,"283":26,"284":26,"285":1,"286":1},"branchMap":{"0":{"type":"branch","line":11,"loc":{"start":{"line":11,"column":2},"end":{"line":13,"column":3}},"locations":[{"start":{"line":11,"column":2},"end":{"line":13,"column":3}}]},"1":{"type":"branch","line":15,"loc":{"start":{"line":15,"column":2},"end":{"line":17,"column":3}},"locations":[{"start":{"line":15,"column":2},"end":{"line":17,"column":3}}]},"2":{"type":"branch","line":23,"loc":{"start":{"line":23,"column":2},"end":{"line":25,"column":3}},"locations":[{"start":{"line":23,"column":2},"end":{"line":25,"column":3}}]},"3":{"type":"branch","line":27,"loc":{"start":{"line":27,"column":2},"end":{"line":29,"column":3}},"locations":[{"start":{"line":27,"column":2},"end":{"line":29,"column":3}}]},"4":{"type":"branch","line":31,"loc":{"start":{"line":31,"column":2},"end":{"line":33,"column":3}},"locations":[{"start":{"line":31,"column":2},"end":{"line":33,"column":3}}]},"5":{"type":"branch","line":35,"loc":{"start":{"line":35,"column":2},"end":{"line":37,"column":3}},"locations":[{"start":{"line":35,"column":2},"end":{"line":37,"column":3}}]},"6":{"type":"branch","line":39,"loc":{"start":{"line":39,"column":2},"end":{"line":41,"column":3}},"locations":[{"start":{"line":39,"column":2},"end":{"line":41,"column":3}}]},"7":{"type":"branch","line":43,"loc":{"start":{"line":43,"column":2},"end":{"line":45,"column":3}},"locations":[{"start":{"line":43,"column":2},"end":{"line":45,"column":3}}]},"8":{"type":"branch","line":47,"loc":{"start":{"line":47,"column":2},"end":{"line":49,"column":3}},"locations":[{"start":{"line":47,"column":2},"end":{"line":49,"column":3}}]},"9":{"type":"branch","line":51,"loc":{"start":{"line":51,"column":2},"end":{"line":53,"column":3}},"locations":[{"start":{"line":51,"column":2},"end":{"line":53,"column":3}}]},"10":{"type":"branch","line":59,"loc":{"start":{"line":59,"column":2},"end":{"line":61,"column":3}},"locations":[{"start":{"line":59,"column":2},"end":{"line":61,"column":3}}]},"11":{"type":"branch","line":63,"loc":{"start":{"line":63,"column":2},"end":{"line":65,"column":3}},"locations":[{"start":{"line":63,"column":2},"end":{"line":65,"column":3}}]},"12":{"type":"branch","line":67,"loc":{"start":{"line":67,"column":2},"end":{"line":69,"column":3}},"locations":[{"start":{"line":67,"column":2},"end":{"line":69,"column":3}}]},"13":{"type":"branch","line":95,"loc":{"start":{"line":95,"column":12},"end":{"line":286,"column":3}},"locations":[{"start":{"line":95,"column":12},"end":{"line":286,"column":3}}]},"14":{"type":"branch","line":116,"loc":{"start":{"line":116,"column":30},"end":{"line":187,"column":3}},"locations":[{"start":{"line":116,"column":30},"end":{"line":187,"column":3}}]},"15":{"type":"branch","line":135,"loc":{"start":{"line":135,"column":22},"end":{"line":137,"column":5}},"locations":[{"start":{"line":135,"column":22},"end":{"line":137,"column":5}}]},"16":{"type":"branch","line":168,"loc":{"start":{"line":168,"column":22},"end":{"line":170,"column":5}},"locations":[{"start":{"line":168,"column":22},"end":{"line":170,"column":5}}]},"17":{"type":"branch","line":184,"loc":{"start":{"line":184,"column":25},"end":{"line":186,"column":5}},"locations":[{"start":{"line":184,"column":25},"end":{"line":186,"column":5}}]},"18":{"type":"branch","line":139,"loc":{"start":{"line":139,"column":31},"end":{"line":141,"column":5}},"locations":[{"start":{"line":139,"column":31},"end":{"line":141,"column":5}}]},"19":{"type":"branch","line":143,"loc":{"start":{"line":143,"column":32},"end":{"line":145,"column":5}},"locations":[{"start":{"line":143,"column":32},"end":{"line":145,"column":5}}]},"20":{"type":"branch","line":156,"loc":{"start":{"line":156,"column":34},"end":{"line":158,"column":5}},"locations":[{"start":{"line":156,"column":34},"end":{"line":158,"column":5}}]},"21":{"type":"branch","line":160,"loc":{"start":{"line":160,"column":31},"end":{"line":162,"column":5}},"locations":[{"start":{"line":160,"column":31},"end":{"line":162,"column":5}}]},"22":{"type":"branch","line":164,"loc":{"start":{"line":164,"column":31},"end":{"line":166,"column":5}},"locations":[{"start":{"line":164,"column":31},"end":{"line":166,"column":5}}]},"23":{"type":"branch","line":191,"loc":{"start":{"line":191,"column":12},"end":{"line":193,"column":3}},"locations":[{"start":{"line":191,"column":12},"end":{"line":193,"column":3}}]},"24":{"type":"branch","line":195,"loc":{"start":{"line":195,"column":14},"end":{"line":200,"column":3}},"locations":[{"start":{"line":195,"column":14},"end":{"line":200,"column":3}}]},"25":{"type":"branch","line":196,"loc":{"start":{"line":196,"column":38},"end":{"line":198,"column":5}},"locations":[{"start":{"line":196,"column":38},"end":{"line":198,"column":5}}]},"26":{"type":"branch","line":199,"loc":{"start":{"line":199,"column":-1},"end":{"line":200,"column":3}},"locations":[{"start":{"line":199,"column":-1},"end":{"line":200,"column":3}}]},"27":{"type":"branch","line":209,"loc":{"start":{"line":209,"column":18},"end":{"line":214,"column":3}},"locations":[{"start":{"line":209,"column":18},"end":{"line":214,"column":3}}]},"28":{"type":"branch","line":211,"loc":{"start":{"line":211,"column":28},"end":{"line":213,"column":5}},"locations":[{"start":{"line":211,"column":28},"end":{"line":213,"column":5}}]},"29":{"type":"branch","line":223,"loc":{"start":{"line":223,"column":12},"end":{"line":225,"column":3}},"locations":[{"start":{"line":223,"column":12},"end":{"line":225,"column":3}}]},"30":{"type":"branch","line":227,"loc":{"start":{"line":227,"column":11},"end":{"line":229,"column":3}},"locations":[{"start":{"line":227,"column":11},"end":{"line":229,"column":3}}]},"31":{"type":"branch","line":231,"loc":{"start":{"line":231,"column":16},"end":{"line":233,"column":3}},"locations":[{"start":{"line":231,"column":16},"end":{"line":233,"column":3}}]},"32":{"type":"branch","line":235,"loc":{"start":{"line":235,"column":19},"end":{"line":237,"column":3}},"locations":[{"start":{"line":235,"column":19},"end":{"line":237,"column":3}}]},"33":{"type":"branch","line":239,"loc":{"start":{"line":239,"column":28},"end":{"line":244,"column":3}},"locations":[{"start":{"line":239,"column":28},"end":{"line":244,"column":3}}]},"34":{"type":"branch","line":251,"loc":{"start":{"line":251,"column":23},"end":{"line":263,"column":3}},"locations":[{"start":{"line":251,"column":23},"end":{"line":263,"column":3}}]},"35":{"type":"branch","line":252,"loc":{"start":{"line":252,"column":30},"end":{"line":254,"column":5}},"locations":[{"start":{"line":252,"column":30},"end":{"line":254,"column":5}}]},"36":{"type":"branch","line":255,"loc":{"start":{"line":255,"column":-1},"end":{"line":263,"column":3}},"locations":[{"start":{"line":255,"column":-1},"end":{"line":263,"column":3}}]},"37":{"type":"branch","line":272,"loc":{"start":{"line":272,"column":24},"end":{"line":278,"column":3}},"locations":[{"start":{"line":272,"column":24},"end":{"line":278,"column":3}}]},"38":{"type":"branch","line":273,"loc":{"start":{"line":273,"column":36},"end":{"line":275,"column":5}},"locations":[{"start":{"line":273,"column":36},"end":{"line":275,"column":5}}]},"39":{"type":"branch","line":276,"loc":{"start":{"line":276,"column":-1},"end":{"line":278,"column":3}},"locations":[{"start":{"line":276,"column":-1},"end":{"line":278,"column":3}}]},"40":{"type":"branch","line":280,"loc":{"start":{"line":280,"column":21},"end":{"line":286,"column":3}},"locations":[{"start":{"line":280,"column":21},"end":{"line":286,"column":3}}]},"41":{"type":"branch","line":281,"loc":{"start":{"line":281,"column":30},"end":{"line":283,"column":5}},"locations":[{"start":{"line":281,"column":30},"end":{"line":283,"column":5}}]},"42":{"type":"branch","line":284,"loc":{"start":{"line":284,"column":-1},"end":{"line":286,"column":3}},"locations":[{"start":{"line":284,"column":-1},"end":{"line":286,"column":3}}]}},"b":{"0":[466],"1":[496],"2":[59],"3":[1],"4":[27],"5":[51],"6":[55],"7":[6],"8":[990],"9":[311],"10":[394],"11":[310],"12":[389],"13":[295],"14":[295],"15":[293],"16":[293],"17":[294],"18":[6],"19":[5],"20":[3],"21":[26],"22":[30],"23":[1],"24":[33],"25":[28],"26":[5],"27":[5],"28":[3],"29":[2],"30":[2],"31":[30],"32":[3],"33":[33],"34":[34],"35":[28],"36":[6],"37":[4],"38":[1],"39":[3],"40":[33],"41":[7],"42":[26]},"fnMap":{"0":{"name":"get value","decl":{"start":{"line":11,"column":2},"end":{"line":13,"column":3}},"loc":{"start":{"line":11,"column":2},"end":{"line":13,"column":3}},"line":11},"1":{"name":"get errors","decl":{"start":{"line":15,"column":2},"end":{"line":17,"column":3}},"loc":{"start":{"line":15,"column":2},"end":{"line":17,"column":3}},"line":15},"2":{"name":"get valid","decl":{"start":{"line":23,"column":2},"end":{"line":25,"column":3}},"loc":{"start":{"line":23,"column":2},"end":{"line":25,"column":3}},"line":23},"3":{"name":"get invalid","decl":{"start":{"line":27,"column":2},"end":{"line":29,"column":3}},"loc":{"start":{"line":27,"column":2},"end":{"line":29,"column":3}},"line":27},"4":{"name":"get disabled","decl":{"start":{"line":31,"column":2},"end":{"line":33,"column":3}},"loc":{"start":{"line":31,"column":2},"end":{"line":33,"column":3}},"line":31},"5":{"name":"get enabled","decl":{"start":{"line":35,"column":2},"end":{"line":37,"column":3}},"loc":{"start":{"line":35,"column":2},"end":{"line":37,"column":3}},"line":35},"6":{"name":"get dirty","decl":{"start":{"line":39,"column":2},"end":{"line":41,"column":3}},"loc":{"start":{"line":39,"column":2},"end":{"line":41,"column":3}},"line":39},"7":{"name":"get pristine","decl":{"start":{"line":43,"column":2},"end":{"line":45,"column":3}},"loc":{"start":{"line":43,"column":2},"end":{"line":45,"column":3}},"line":43},"8":{"name":"get valueChange","decl":{"start":{"line":47,"column":2},"end":{"line":49,"column":3}},"loc":{"start":{"line":47,"column":2},"end":{"line":49,"column":3}},"line":47},"9":{"name":"get errorsChange","decl":{"start":{"line":51,"column":2},"end":{"line":53,"column":3}},"loc":{"start":{"line":51,"column":2},"end":{"line":53,"column":3}},"line":51},"10":{"name":"get disabledChange","decl":{"start":{"line":59,"column":2},"end":{"line":61,"column":3}},"loc":{"start":{"line":59,"column":2},"end":{"line":61,"column":3}},"line":59},"11":{"name":"get dirtyChange","decl":{"start":{"line":63,"column":2},"end":{"line":65,"column":3}},"loc":{"start":{"line":63,"column":2},"end":{"line":65,"column":3}},"line":63},"12":{"name":"get validChange","decl":{"start":{"line":67,"column":2},"end":{"line":69,"column":3}},"loc":{"start":{"line":67,"column":2},"end":{"line":69,"column":3}},"line":67},"13":{"name":"<instance_members_initializer>","decl":{"start":{"line":95,"column":12},"end":{"line":286,"column":3}},"loc":{"start":{"line":95,"column":12},"end":{"line":286,"column":3}},"line":95},"14":{"name":"initBasicParams","decl":{"start":{"line":116,"column":30},"end":{"line":187,"column":3}},"loc":{"start":{"line":116,"column":30},"end":{"line":187,"column":3}},"line":116},"15":{"name":"destroy","decl":{"start":{"line":191,"column":12},"end":{"line":193,"column":3}},"loc":{"start":{"line":191,"column":12},"end":{"line":193,"column":3}},"line":191},"16":{"name":"setErrors","decl":{"start":{"line":195,"column":14},"end":{"line":200,"column":3}},"loc":{"start":{"line":195,"column":14},"end":{"line":200,"column":3}},"line":195},"17":{"name":"setValidators","decl":{"start":{"line":209,"column":18},"end":{"line":214,"column":3}},"loc":{"start":{"line":209,"column":18},"end":{"line":214,"column":3}},"line":209},"18":{"name":"disable","decl":{"start":{"line":223,"column":12},"end":{"line":225,"column":3}},"loc":{"start":{"line":223,"column":12},"end":{"line":225,"column":3}},"line":223},"19":{"name":"enable","decl":{"start":{"line":227,"column":11},"end":{"line":229,"column":3}},"loc":{"start":{"line":227,"column":11},"end":{"line":229,"column":3}},"line":227},"20":{"name":"markAsDirty","decl":{"start":{"line":231,"column":16},"end":{"line":233,"column":3}},"loc":{"start":{"line":231,"column":16},"end":{"line":233,"column":3}},"line":231},"21":{"name":"markAsPristine","decl":{"start":{"line":235,"column":19},"end":{"line":237,"column":3}},"loc":{"start":{"line":235,"column":19},"end":{"line":237,"column":3}},"line":235},"22":{"name":"validateAndUpdateErrors","decl":{"start":{"line":239,"column":28},"end":{"line":244,"column":3}},"loc":{"start":{"line":239,"column":28},"end":{"line":244,"column":3}},"line":239},"23":{"name":"setValid","decl":{"start":{"line":251,"column":23},"end":{"line":263,"column":3}},"loc":{"start":{"line":251,"column":23},"end":{"line":263,"column":3}},"line":251},"24":{"name":"setDisabled","decl":{"start":{"line":272,"column":24},"end":{"line":278,"column":3}},"loc":{"start":{"line":272,"column":24},"end":{"line":278,"column":3}},"line":272},"25":{"name":"setDirty","decl":{"start":{"line":280,"column":21},"end":{"line":286,"column":3}},"loc":{"start":{"line":280,"column":21},"end":{"line":286,"column":3}},"line":280}},"f":{"0":466,"1":496,"2":59,"3":1,"4":27,"5":51,"6":55,"7":6,"8":990,"9":311,"10":394,"11":310,"12":389,"13":295,"14":295,"15":1,"16":33,"17":5,"18":2,"19":2,"20":30,"21":3,"22":33,"23":34,"24":4,"25":33}}
,"/Users/mengweikang/Desktop/yzw-rx-form/packages/core/src/controls/fieldControl.ts": {"path":"/Users/mengweikang/Desktop/yzw-rx-form/packages/core/src/controls/fieldControl.ts","all":false,"statementMap":{"0":{"start":{"line":1,"column":0},"end":{"line":1,"column":46}},"1":{"start":{"line":2,"column":0},"end":{"line":2,"column":0}},"2":{"start":{"line":3,"column":0},"end":{"line":3,"column":44}},"3":{"start":{"line":4,"column":0},"end":{"line":4,"column":0}},"4":{"start":{"line":5,"column":0},"end":{"line":5,"column":59}},"5":{"start":{"line":6,"column":0},"end":{"line":6,"column":34}},"6":{"start":{"line":7,"column":0},"end":{"line":7,"column":0}},"7":{"start":{"line":8,"column":0},"end":{"line":8,"column":41}},"8":{"start":{"line":9,"column":0},"end":{"line":9,"column":59}},"9":{"start":{"line":10,"column":0},"end":{"line":10,"column":12}},"10":{"start":{"line":11,"column":0},"end":{"line":11,"column":28}},"11":{"start":{"line":12,"column":0},"end":{"line":12,"column":41}},"12":{"start":{"line":13,"column":0},"end":{"line":13,"column":3}},"13":{"start":{"line":14,"column":0},"end":{"line":14,"column":0}},"14":{"start":{"line":15,"column":0},"end":{"line":15,"column":37}},"15":{"start":{"line":16,"column":0},"end":{"line":16,"column":7}},"16":{"start":{"line":17,"column":0},"end":{"line":17,"column":12}},"17":{"start":{"line":18,"column":0},"end":{"line":18,"column":28}},"18":{"start":{"line":19,"column":0},"end":{"line":19,"column":6}},"19":{"start":{"line":20,"column":0},"end":{"line":20,"column":80}},"20":{"start":{"line":21,"column":0},"end":{"line":21,"column":54}},"21":{"start":{"line":22,"column":0},"end":{"line":22,"column":74}},"22":{"start":{"line":23,"column":0},"end":{"line":23,"column":6}},"23":{"start":{"line":24,"column":0},"end":{"line":24,"column":51}},"24":{"start":{"line":25,"column":0},"end":{"line":25,"column":7}},"25":{"start":{"line":26,"column":0},"end":{"line":26,"column":31}},"26":{"start":{"line":27,"column":0},"end":{"line":27,"column":13}},"27":{"start":{"line":28,"column":0},"end":{"line":28,"column":5}},"28":{"start":{"line":29,"column":0},"end":{"line":29,"column":7}},"29":{"start":{"line":30,"column":0},"end":{"line":30,"column":10}},"30":{"start":{"line":31,"column":0},"end":{"line":31,"column":7}},"31":{"start":{"line":32,"column":0},"end":{"line":32,"column":35}},"32":{"start":{"line":33,"column":0},"end":{"line":33,"column":4}},"33":{"start":{"line":34,"column":0},"end":{"line":34,"column":0}},"34":{"start":{"line":35,"column":0},"end":{"line":35,"column":26}},"35":{"start":{"line":36,"column":0},"end":{"line":36,"column":35}},"36":{"start":{"line":37,"column":0},"end":{"line":37,"column":4}},"37":{"start":{"line":38,"column":0},"end":{"line":38,"column":1}}},"s":{"0":1,"1":1,"2":1,"3":1,"4":1,"5":1,"6":256,"7":256,"8":256,"9":256,"10":256,"11":256,"12":256,"13":256,"14":256,"15":20,"16":20,"17":20,"18":20,"19":20,"20":20,"21":20,"22":20,"23":20,"24":20,"25":20,"26":2,"27":2,"28":18,"29":18,"30":18,"31":18,"32":256,"33":256,"34":256,"35":4,"36":1,"37":1},"branchMap":{"0":{"type":"branch","line":6,"loc":{"start":{"line":6,"column":19},"end":{"line":37,"column":3}},"locations":[{"start":{"line":6,"column":19},"end":{"line":37,"column":3}}]},"1":{"type":"branch","line":8,"loc":{"start":{"line":8,"column":22},"end":{"line":8,"column":40}},"locations":[{"start":{"line":8,"column":22},"end":{"line":8,"column":40}}]},"2":{"type":"branch","line":9,"loc":{"start":{"line":9,"column":2},"end":{"line":13,"column":3}},"locations":[{"start":{"line":9,"column":2},"end":{"line":13,"column":3}}]},"3":{"type":"branch","line":15,"loc":{"start":{"line":15,"column":22},"end":{"line":33,"column":3}},"locations":[{"start":{"line":15,"column":22},"end":{"line":33,"column":3}}]},"4":{"type":"branch","line":26,"loc":{"start":{"line":26,"column":30},"end":{"line":28,"column":5}},"locations":[{"start":{"line":26,"column":30},"end":{"line":28,"column":5}}]},"5":{"type":"branch","line":29,"loc":{"start":{"line":29,"column":-1},"end":{"line":33,"column":3}},"locations":[{"start":{"line":29,"column":-1},"end":{"line":33,"column":3}}]},"6":{"type":"branch","line":35,"loc":{"start":{"line":35,"column":19},"end":{"line":37,"column":3}},"locations":[{"start":{"line":35,"column":19},"end":{"line":37,"column":3}}]}},"b":{"0":[256],"1":[365],"2":[256],"3":[20],"4":[2],"5":[18],"6":[4]},"fnMap":{"0":{"name":"<instance_members_initializer>","decl":{"start":{"line":6,"column":19},"end":{"line":37,"column":3}},"loc":{"start":{"line":6,"column":19},"end":{"line":37,"column":3}},"line":6},"1":{"name":"_noError","decl":{"start":{"line":8,"column":22},"end":{"line":8,"column":40}},"loc":{"start":{"line":8,"column":22},"end":{"line":8,"column":40}},"line":8},"2":{"name":"FieldControl","decl":{"start":{"line":9,"column":2},"end":{"line":13,"column":3}},"loc":{"start":{"line":9,"column":2},"end":{"line":13,"column":3}},"line":9},"3":{"name":"setValue","decl":{"start":{"line":15,"column":22},"end":{"line":33,"column":3}},"loc":{"start":{"line":15,"column":22},"end":{"line":33,"column":3}},"line":15},"4":{"name":"reset","decl":{"start":{"line":35,"column":19},"end":{"line":37,"column":3}},"loc":{"start":{"line":35,"column":19},"end":{"line":37,"column":3}},"line":35}},"f":{"0":256,"1":365,"2":256,"3":20,"4":4}}
,"/Users/mengweikang/Desktop/yzw-rx-form/packages/core/src/controls/groupControl.ts": {"path":"/Users/mengweikang/Desktop/yzw-rx-form/packages/core/src/controls/groupControl.ts","all":false,"statementMap":{"0":{"start":{"line":1,"column":0},"end":{"line":1,"column":80}},"1":{"start":{"line":2,"column":0},"end":{"line":2,"column":0}},"2":{"start":{"line":3,"column":0},"end":{"line":3,"column":8}},"3":{"start":{"line":4,"column":0},"end":{"line":4,"column":22}},"4":{"start":{"line":5,"column":0},"end":{"line":5,"column":26}},"5":{"start":{"line":6,"column":0},"end":{"line":6,"column":19}},"6":{"start":{"line":7,"column":0},"end":{"line":7,"column":21}},"7":{"start":{"line":8,"column":0},"end":{"line":8,"column":13}},"8":{"start":{"line":9,"column":0},"end":{"line":9,"column":16}},"9":{"start":{"line":10,"column":0},"end":{"line":10,"column":8}},"10":{"start":{"line":11,"column":0},"end":{"line":11,"column":18}},"11":{"start":{"line":12,"column":0},"end":{"line":12,"column":54}},"12":{"start":{"line":13,"column":0},"end":{"line":13,"column":0}},"13":{"start":{"line":14,"column":0},"end":{"line":14,"column":44}},"14":{"start":{"line":15,"column":0},"end":{"line":15,"column":0}},"15":{"start":{"line":16,"column":0},"end":{"line":16,"column":53}},"16":{"start":{"line":17,"column":0},"end":{"line":17,"column":24}},"17":{"start":{"line":18,"column":0},"end":{"line":18,"column":46}},"18":{"start":{"line":19,"column":0},"end":{"line":19,"column":1}},"19":{"start":{"line":20,"column":0},"end":{"line":20,"column":18}},"20":{"start":{"line":21,"column":0},"end":{"line":21,"column":26}},"21":{"start":{"line":22,"column":0},"end":{"line":22,"column":3}},"22":{"start":{"line":23,"column":0},"end":{"line":23,"column":0}},"23":{"start":{"line":24,"column":0},"end":{"line":24,"column":24}},"24":{"start":{"line":25,"column":0},"end":{"line":25,"column":78}},"25":{"start":{"line":26,"column":0},"end":{"line":26,"column":3}},"26":{"start":{"line":27,"column":0},"end":{"line":27,"column":0}},"27":{"start":{"line":28,"column":0},"end":{"line":28,"column":41}},"28":{"start":{"line":29,"column":0},"end":{"line":29,"column":0}},"29":{"start":{"line":30,"column":0},"end":{"line":30,"column":62}},"30":{"start":{"line":31,"column":0},"end":{"line":31,"column":0}},"31":{"start":{"line":32,"column":0},"end":{"line":32,"column":5}},"32":{"start":{"line":33,"column":0},"end":{"line":33,"column":38}},"33":{"start":{"line":34,"column":0},"end":{"line":34,"column":74}},"34":{"start":{"line":35,"column":0},"end":{"line":35,"column":5}},"35":{"start":{"line":36,"column":0},"end":{"line":36,"column":50}},"36":{"start":{"line":37,"column":0},"end":{"line":37,"column":50}},"37":{"start":{"line":38,"column":0},"end":{"line":38,"column":0}},"38":{"start":{"line":39,"column":0},"end":{"line":39,"column":5}},"39":{"start":{"line":40,"column":0},"end":{"line":40,"column":50}},"40":{"start":{"line":41,"column":0},"end":{"line":41,"column":5}},"41":{"start":{"line":42,"column":0},"end":{"line":42,"column":29}},"42":{"start":{"line":43,"column":0},"end":{"line":43,"column":98}},"43":{"start":{"line":44,"column":0},"end":{"line":44,"column":4}},"44":{"start":{"line":45,"column":0},"end":{"line":45,"column":0}},"45":{"start":{"line":46,"column":0},"end":{"line":46,"column":88}},"46":{"start":{"line":47,"column":0},"end":{"line":47,"column":12}},"47":{"start":{"line":48,"column":0},"end":{"line":48,"column":38}},"48":{"start":{"line":49,"column":0},"end":{"line":49,"column":68}},"49":{"start":{"line":50,"column":0},"end":{"line":50,"column":0}},"50":{"start":{"line":51,"column":0},"end":{"line":51,"column":22}},"51":{"start":{"line":52,"column":0},"end":{"line":52,"column":84}},"52":{"start":{"line":53,"column":0},"end":{"line":53,"column":3}},"53":{"start":{"line":54,"column":0},"end":{"line":54,"column":0}},"54":{"start":{"line":55,"column":0},"end":{"line":55,"column":46}},"55":{"start":{"line":56,"column":0},"end":{"line":56,"column":7}},"56":{"start":{"line":57,"column":0},"end":{"line":57,"column":60}},"57":{"start":{"line":58,"column":0},"end":{"line":58,"column":7}},"58":{"start":{"line":59,"column":0},"end":{"line":59,"column":24}},"59":{"start":{"line":60,"column":0},"end":{"line":60,"column":0}},"60":{"start":{"line":61,"column":0},"end":{"line":61,"column":35}},"61":{"start":{"line":62,"column":0},"end":{"line":62,"column":0}},"62":{"start":{"line":63,"column":0},"end":{"line":63,"column":22}},"63":{"start":{"line":64,"column":0},"end":{"line":64,"column":62}},"64":{"start":{"line":65,"column":0},"end":{"line":65,"column":4}},"65":{"start":{"line":66,"column":0},"end":{"line":66,"column":0}},"66":{"start":{"line":67,"column":0},"end":{"line":67,"column":26}},"67":{"start":{"line":68,"column":0},"end":{"line":68,"column":24}},"68":{"start":{"line":69,"column":0},"end":{"line":69,"column":0}},"69":{"start":{"line":70,"column":0},"end":{"line":70,"column":71}},"70":{"start":{"line":71,"column":0},"end":{"line":71,"column":0}},"71":{"start":{"line":72,"column":0},"end":{"line":72,"column":22}},"72":{"start":{"line":73,"column":0},"end":{"line":73,"column":62}},"73":{"start":{"line":74,"column":0},"end":{"line":74,"column":4}},"74":{"start":{"line":75,"column":0},"end":{"line":75,"column":0}},"75":{"start":{"line":76,"column":0},"end":{"line":76,"column":58}},"76":{"start":{"line":77,"column":0},"end":{"line":77,"column":37}},"77":{"start":{"line":78,"column":0},"end":{"line":78,"column":4}},"78":{"start":{"line":79,"column":0},"end":{"line":79,"column":0}},"79":{"start":{"line":80,"column":0},"end":{"line":80,"column":56}},"80":{"start":{"line":81,"column":0},"end":{"line":81,"column":7}},"81":{"start":{"line":82,"column":0},"end":{"line":82,"column":38}},"82":{"start":{"line":83,"column":0},"end":{"line":83,"column":7}},"83":{"start":{"line":84,"column":0},"end":{"line":84,"column":30}},"84":{"start":{"line":85,"column":0},"end":{"line":85,"column":44}},"85":{"start":{"line":86,"column":0},"end":{"line":86,"column":69}},"86":{"start":{"line":87,"column":0},"end":{"line":87,"column":13}},"87":{"start":{"line":88,"column":0},"end":{"line":88,"column":5}},"88":{"start":{"line":89,"column":0},"end":{"line":89,"column":0}},"89":{"start":{"line":90,"column":0},"end":{"line":90,"column":55}},"90":{"start":{"line":91,"column":0},"end":{"line":91,"column":36}},"91":{"start":{"line":92,"column":0},"end":{"line":92,"column":7}},"92":{"start":{"line":93,"column":0},"end":{"line":93,"column":0}},"93":{"start":{"line":94,"column":0},"end":{"line":94,"column":40}},"94":{"start":{"line":95,"column":0},"end":{"line":95,"column":4}},"95":{"start":{"line":96,"column":0},"end":{"line":96,"column":0}},"96":{"start":{"line":97,"column":0},"end":{"line":97,"column":30}},"97":{"start":{"line":98,"column":0},"end":{"line":98,"column":7}},"98":{"start":{"line":99,"column":0},"end":{"line":99,"column":38}},"99":{"start":{"line":100,"column":0},"end":{"line":100,"column":7}},"100":{"start":{"line":101,"column":0},"end":{"line":101,"column":31}},"101":{"start":{"line":102,"column":0},"end":{"line":102,"column":44}},"102":{"start":{"line":103,"column":0},"end":{"line":103,"column":69}},"103":{"start":{"line":104,"column":0},"end":{"line":104,"column":13}},"104":{"start":{"line":105,"column":0},"end":{"line":105,"column":5}},"105":{"start":{"line":106,"column":0},"end":{"line":106,"column":0}},"106":{"start":{"line":107,"column":0},"end":{"line":107,"column":54}},"107":{"start":{"line":108,"column":0},"end":{"line":108,"column":26}},"108":{"start":{"line":109,"column":0},"end":{"line":109,"column":0}},"109":{"start":{"line":110,"column":0},"end":{"line":110,"column":40}},"110":{"start":{"line":111,"column":0},"end":{"line":111,"column":4}},"111":{"start":{"line":112,"column":0},"end":{"line":112,"column":0}},"112":{"start":{"line":113,"column":0},"end":{"line":113,"column":71}},"113":{"start":{"line":114,"column":0},"end":{"line":114,"column":44}},"114":{"start":{"line":115,"column":0},"end":{"line":115,"column":0}},"115":{"start":{"line":116,"column":0},"end":{"line":116,"column":46}},"116":{"start":{"line":117,"column":0},"end":{"line":117,"column":77}},"117":{"start":{"line":118,"column":0},"end":{"line":118,"column":50}},"118":{"start":{"line":119,"column":0},"end":{"line":119,"column":51}},"119":{"start":{"line":120,"column":0},"end":{"line":120,"column":35}},"120":{"start":{"line":121,"column":0},"end":{"line":121,"column":44}},"121":{"start":{"line":122,"column":0},"end":{"line":122,"column":7}},"122":{"start":{"line":123,"column":0},"end":{"line":123,"column":5}},"123":{"start":{"line":124,"column":0},"end":{"line":124,"column":0}},"124":{"start":{"line":125,"column":0},"end":{"line":125,"column":30}},"125":{"start":{"line":126,"column":0},"end":{"line":126,"column":4}},"126":{"start":{"line":127,"column":0},"end":{"line":127,"column":0}},"127":{"start":{"line":128,"column":0},"end":{"line":128,"column":55}},"128":{"start":{"line":129,"column":0},"end":{"line":129,"column":51}},"129":{"start":{"line":130,"column":0},"end":{"line":130,"column":71}},"130":{"start":{"line":131,"column":0},"end":{"line":131,"column":59}},"131":{"start":{"line":132,"column":0},"end":{"line":132,"column":7}},"132":{"start":{"line":133,"column":0},"end":{"line":133,"column":4}},"133":{"start":{"line":134,"column":0},"end":{"line":134,"column":0}},"134":{"start":{"line":135,"column":0},"end":{"line":135,"column":91}},"135":{"start":{"line":136,"column":0},"end":{"line":136,"column":30}},"136":{"start":{"line":137,"column":0},"end":{"line":137,"column":62}},"137":{"start":{"line":138,"column":0},"end":{"line":138,"column":22}},"138":{"start":{"line":139,"column":0},"end":{"line":139,"column":4}},"139":{"start":{"line":140,"column":0},"end":{"line":140,"column":0}},"140":{"start":{"line":141,"column":0},"end":{"line":141,"column":45}},"141":{"start":{"line":142,"column":0},"end":{"line":142,"column":26}},"142":{"start":{"line":143,"column":0},"end":{"line":143,"column":51}},"143":{"start":{"line":144,"column":0},"end":{"line":144,"column":43}},"144":{"start":{"line":145,"column":0},"end":{"line":145,"column":54}},"145":{"start":{"line":146,"column":0},"end":{"line":146,"column":7}},"146":{"start":{"line":147,"column":0},"end":{"line":147,"column":17}},"147":{"start":{"line":148,"column":0},"end":{"line":148,"column":4}},"148":{"start":{"line":149,"column":0},"end":{"line":149,"column":0}},"149":{"start":{"line":150,"column":0},"end":{"line":150,"column":5}},"150":{"start":{"line":151,"column":0},"end":{"line":151,"column":50}},"151":{"start":{"line":152,"column":0},"end":{"line":152,"column":5}},"152":{"start":{"line":153,"column":0},"end":{"line":153,"column":30}},"153":{"start":{"line":154,"column":0},"end":{"line":154,"column":51}},"154":{"start":{"line":155,"column":0},"end":{"line":155,"column":72}},"155":{"start":{"line":156,"column":0},"end":{"line":156,"column":72}},"156":{"start":{"line":157,"column":0},"end":{"line":157,"column":78}},"157":{"start":{"line":158,"column":0},"end":{"line":158,"column":0}},"158":{"start":{"line":159,"column":0},"end":{"line":159,"column":64}},"159":{"start":{"line":160,"column":0},"end":{"line":160,"column":39}},"160":{"start":{"line":161,"column":0},"end":{"line":161,"column":4}},"161":{"start":{"line":162,"column":0},"end":{"line":162,"column":0}},"162":{"start":{"line":163,"column":0},"end":{"line":163,"column":5}},"163":{"start":{"line":164,"column":0},"end":{"line":164,"column":53}},"164":{"start":{"line":165,"column":0},"end":{"line":165,"column":5}},"165":{"start":{"line":166,"column":0},"end":{"line":166,"column":32}},"166":{"start":{"line":167,"column":0},"end":{"line":167,"column":40}},"167":{"start":{"line":168,"column":0},"end":{"line":168,"column":50}},"168":{"start":{"line":169,"column":0},"end":{"line":169,"column":5}},"169":{"start":{"line":170,"column":0},"end":{"line":170,"column":0}},"170":{"start":{"line":171,"column":0},"end":{"line":171,"column":40}},"171":{"start":{"line":172,"column":0},"end":{"line":172,"column":50}},"172":{"start":{"line":173,"column":0},"end":{"line":173,"column":5}},"173":{"start":{"line":174,"column":0},"end":{"line":174,"column":4}},"174":{"start":{"line":175,"column":0},"end":{"line":175,"column":0}},"175":{"start":{"line":176,"column":0},"end":{"line":176,"column":55}},"176":{"start":{"line":177,"column":0},"end":{"line":177,"column":40}},"177":{"start":{"line":178,"column":0},"end":{"line":178,"column":50}},"178":{"start":{"line":179,"column":0},"end":{"line":179,"column":5}},"179":{"start":{"line":180,"column":0},"end":{"line":180,"column":0}},"180":{"start":{"line":181,"column":0},"end":{"line":181,"column":53}},"181":{"start":{"line":182,"column":0},"end":{"line":182,"column":12}},"182":{"start":{"line":183,"column":0},"end":{"line":183,"column":33}},"183":{"start":{"line":184,"column":0},"end":{"line":184,"column":51}},"184":{"start":{"line":185,"column":0},"end":{"line":185,"column":7}},"185":{"start":{"line":186,"column":0},"end":{"line":186,"column":25}},"186":{"start":{"line":187,"column":0},"end":{"line":187,"column":35}},"187":{"start":{"line":188,"column":0},"end":{"line":188,"column":9}},"188":{"start":{"line":189,"column":0},"end":{"line":189,"column":3}},"189":{"start":{"line":190,"column":0},"end":{"line":190,"column":0}},"190":{"start":{"line":191,"column":0},"end":{"line":191,"column":68}},"191":{"start":{"line":192,"column":0},"end":{"line":192,"column":40}},"192":{"start":{"line":193,"column":0},"end":{"line":193,"column":50}},"193":{"start":{"line":194,"column":0},"end":{"line":194,"column":5}},"194":{"start":{"line":195,"column":0},"end":{"line":195,"column":0}},"195":{"start":{"line":196,"column":0},"end":{"line":196,"column":58}},"196":{"start":{"line":197,"column":0},"end":{"line":197,"column":12}},"197":{"start":{"line":198,"column":0},"end":{"line":198,"column":33}},"198":{"start":{"line":199,"column":0},"end":{"line":199,"column":34}},"199":{"start":{"line":200,"column":0},"end":{"line":200,"column":7}},"200":{"start":{"line":201,"column":0},"end":{"line":201,"column":32}},"201":{"start":{"line":202,"column":0},"end":{"line":202,"column":4}},"202":{"start":{"line":203,"column":0},"end":{"line":203,"column":1}}},"s":{"0":1,"1":1,"2":1,"3":1,"4":1,"5":1,"6":1,"7":1,"8":1,"9":1,"10":1,"11":1,"12":1,"13":1,"14":1,"15":1,"16":1,"17":1,"18":1,"19":1,"20":18,"21":18,"22":1,"23":1,"24":25,"25":25,"26":1,"27":1,"28":18,"29":18,"30":18,"31":18,"32":18,"33":18,"34":18,"35":18,"36":18,"37":18,"38":18,"39":18,"40":18,"41":18,"42":29,"43":18,"44":18,"45":18,"46":18,"47":18,"48":18,"49":18,"50":18,"51":18,"52":18,"53":18,"54":18,"55":1,"56":1,"57":1,"58":1,"59":1,"60":1,"61":1,"62":1,"63":1,"64":18,"65":18,"66":18,"67":1,"68":1,"69":1,"70":1,"71":1,"72":1,"73":18,"74":18,"75":18,"76":17,"77":18,"78":18,"79":18,"80":2,"81":2,"82":2,"83":2,"84":1,"85":1,"86":1,"87":1,"88":1,"89":1,"90":1,"91":1,"92":1,"93":1,"94":18,"95":18,"96":18,"97":2,"98":2,"99":2,"100":2,"101":1,"102":1,"103":1,"104":1,"105":1,"106":1,"107":1,"108":1,"109":1,"110":18,"111":18,"112":18,"113":18,"114":18,"115":18,"116":29,"117":29,"118":29,"119":29,"120":29,"121":29,"122":29,"123":18,"124":18,"125":18,"126":18,"127":18,"128":1,"129":2,"130":2,"131":1,"132":18,"133":18,"134":18,"135":2,"136":2,"137":2,"138":18,"139":18,"140":18,"141":25,"142":25,"143":38,"144":38,"145":25,"146":25,"147":18,"148":18,"149":18,"150":18,"151":18,"152":18,"153":22,"154":22,"155":22,"156":22,"157":22,"158":22,"159":22,"160":18,"161":18,"162":18,"163":18,"164":18,"165":18,"166":2,"167":2,"168":2,"169":2,"170":2,"171":2,"172":2,"173":18,"174":18,"175":18,"176":22,"177":4,"178":4,"179":22,"180":22,"181":22,"182":22,"183":22,"184":22,"185":22,"186":3,"187":22,"188":22,"189":18,"190":18,"191":22,"192":4,"193":4,"194":22,"195":22,"196":22,"197":22,"198":22,"199":22,"200":22,"201":1,"202":1},"branchMap":{"0":{"type":"branch","line":20,"loc":{"start":{"line":20,"column":2},"end":{"line":22,"column":3}},"locations":[{"start":{"line":20,"column":2},"end":{"line":22,"column":3}}]},"1":{"type":"branch","line":24,"loc":{"start":{"line":24,"column":2},"end":{"line":26,"column":3}},"locations":[{"start":{"line":24,"column":2},"end":{"line":26,"column":3}}]},"2":{"type":"branch","line":28,"loc":{"start":{"line":28,"column":10},"end":{"line":202,"column":3}},"locations":[{"start":{"line":28,"column":10},"end":{"line":202,"column":3}}]},"3":{"type":"branch","line":42,"loc":{"start":{"line":42,"column":22},"end":{"line":44,"column":3}},"locations":[{"start":{"line":42,"column":22},"end":{"line":44,"column":3}}]},"4":{"type":"branch","line":43,"loc":{"start":{"line":43,"column":63},"end":{"line":43,"column":95}},"locations":[{"start":{"line":43,"column":63},"end":{"line":43,"column":95}}]},"5":{"type":"branch","line":46,"loc":{"start":{"line":46,"column":2},"end":{"line":53,"column":3}},"locations":[{"start":{"line":46,"column":2},"end":{"line":53,"column":3}}]},"6":{"type":"branch","line":55,"loc":{"start":{"line":55,"column":22},"end":{"line":65,"column":3}},"locations":[{"start":{"line":55,"column":22},"end":{"line":65,"column":3}}]},"7":{"type":"branch","line":67,"loc":{"start":{"line":67,"column":19},"end":{"line":74,"column":3}},"locations":[{"start":{"line":67,"column":19},"end":{"line":74,"column":3}}]},"8":{"type":"branch","line":70,"loc":{"start":{"line":70,"column":41},"end":{"line":70,"column":69}},"locations":[{"start":{"line":70,"column":41},"end":{"line":70,"column":69}}]},"9":{"type":"branch","line":76,"loc":{"start":{"line":76,"column":8},"end":{"line":78,"column":3}},"locations":[{"start":{"line":76,"column":8},"end":{"line":78,"column":3}}]},"10":{"type":"branch","line":80,"loc":{"start":{"line":80,"column":8},"end":{"line":95,"column":3}},"locations":[{"start":{"line":80,"column":8},"end":{"line":95,"column":3}}]},"11":{"type":"branch","line":84,"loc":{"start":{"line":84,"column":29},"end":{"line":95,"column":3}},"locations":[{"start":{"line":84,"column":29},"end":{"line":95,"column":3}}]},"12":{"type":"branch","line":97,"loc":{"start":{"line":97,"column":11},"end":{"line":111,"column":3}},"locations":[{"start":{"line":97,"column":11},"end":{"line":111,"column":3}}]},"13":{"type":"branch","line":101,"loc":{"start":{"line":101,"column":30},"end":{"line":111,"column":3}},"locations":[{"start":{"line":101,"column":30},"end":{"line":111,"column":3}}]},"14":{"type":"branch","line":113,"loc":{"start":{"line":113,"column":25},"end":{"line":126,"column":3}},"locations":[{"start":{"line":113,"column":25},"end":{"line":126,"column":3}}]},"15":{"type":"branch","line":116,"loc":{"start":{"line":116,"column":45},"end":{"line":123,"column":5}},"locations":[{"start":{"line":116,"column":45},"end":{"line":123,"column":5}}]},"16":{"type":"branch","line":128,"loc":{"start":{"line":128,"column":31},"end":{"line":133,"column":3}},"locations":[{"start":{"line":128,"column":31},"end":{"line":133,"column":3}}]},"17":{"type":"branch","line":129,"loc":{"start":{"line":129,"column":40},"end":{"line":132,"column":5}},"locations":[{"start":{"line":129,"column":40},"end":{"line":132,"column":5}}]},"18":{"type":"branch","line":131,"loc":{"start":{"line":131,"column":12},"end":{"line":131,"column":58}},"locations":[{"start":{"line":131,"column":12},"end":{"line":131,"column":58}}]},"19":{"type":"branch","line":135,"loc":{"start":{"line":135,"column":56},"end":{"line":139,"column":3}},"locations":[{"start":{"line":135,"column":56},"end":{"line":139,"column":3}}]},"20":{"type":"branch","line":141,"loc":{"start":{"line":141,"column":38},"end":{"line":148,"column":3}},"locations":[{"start":{"line":141,"column":38},"end":{"line":148,"column":3}}]},"21":{"type":"branch","line":143,"loc":{"start":{"line":143,"column":40},"end":{"line":146,"column":5}},"locations":[{"start":{"line":143,"column":40},"end":{"line":146,"column":5}}]},"22":{"type":"branch","line":153,"loc":{"start":{"line":153,"column":23},"end":{"line":161,"column":3}},"locations":[{"start":{"line":153,"column":23},"end":{"line":161,"column":3}}]},"23":{"type":"branch","line":155,"loc":{"start":{"line":155,"column":38},"end":{"line":155,"column":70}},"locations":[{"start":{"line":155,"column":38},"end":{"line":155,"column":70}}]},"24":{"type":"branch","line":156,"loc":{"start":{"line":156,"column":38},"end":{"line":156,"column":70}},"locations":[{"start":{"line":156,"column":38},"end":{"line":156,"column":70}}]},"25":{"type":"branch","line":157,"loc":{"start":{"line":157,"column":41},"end":{"line":157,"column":76}},"locations":[{"start":{"line":157,"column":41},"end":{"line":157,"column":76}}]},"26":{"type":"branch","line":166,"loc":{"start":{"line":166,"column":25},"end":{"line":174,"column":3}},"locations":[{"start":{"line":166,"column":25},"end":{"line":174,"column":3}}]},"27":{"type":"branch","line":176,"loc":{"start":{"line":176,"column":10},"end":{"line":189,"column":3}},"locations":[{"start":{"line":176,"column":10},"end":{"line":189,"column":3}}]},"28":{"type":"branch","line":177,"loc":{"start":{"line":177,"column":39},"end":{"line":179,"column":5}},"locations":[{"start":{"line":177,"column":39},"end":{"line":179,"column":5}}]},"29":{"type":"branch","line":184,"loc":{"start":{"line":184,"column":12},"end":{"line":184,"column":50}},"locations":[{"start":{"line":184,"column":12},"end":{"line":184,"column":50}}]},"30":{"type":"branch","line":186,"loc":{"start":{"line":186,"column":17},"end":{"line":188,"column":7}},"locations":[{"start":{"line":186,"column":17},"end":{"line":188,"column":7}}]},"31":{"type":"branch","line":191,"loc":{"start":{"line":191,"column":28},"end":{"line":202,"column":3}},"locations":[{"start":{"line":191,"column":28},"end":{"line":202,"column":3}}]},"32":{"type":"branch","line":192,"loc":{"start":{"line":192,"column":39},"end":{"line":194,"column":5}},"locations":[{"start":{"line":192,"column":39},"end":{"line":194,"column":5}}]},"33":{"type":"branch","line":199,"loc":{"start":{"line":199,"column":12},"end":{"line":199,"column":33}},"locations":[{"start":{"line":199,"column":12},"end":{"line":199,"column":33}}]}},"b":{"0":[18],"1":[25],"2":[18],"3":[29],"4":[43],"5":[18],"6":[1],"7":[1],"8":[1],"9":[17],"10":[2],"11":[1],"12":[2],"13":[1],"14":[18],"15":[29],"16":[1],"17":[2],"18":[1],"19":[2],"20":[25],"21":[38],"22":[22],"23":[35],"24":[35],"25":[35],"26":[2],"27":[22],"28":[4],"29":[3],"30":[3],"31":[22],"32":[4],"33":[1]},"fnMap":{"0":{"name":"get controls","decl":{"start":{"line":20,"column":2},"end":{"line":22,"column":3}},"loc":{"start":{"line":20,"column":2},"end":{"line":22,"column":3}},"line":20},"1":{"name":"get controlsChange","decl":{"start":{"line":24,"column":2},"end":{"line":26,"column":3}},"loc":{"start":{"line":24,"column":2},"end":{"line":26,"column":3}},"line":24},"2":{"name":"<instance_members_initializer>","decl":{"start":{"line":28,"column":10},"end":{"line":202,"column":3}},"loc":{"start":{"line":28,"column":10},"end":{"line":202,"column":3}},"line":28},"3":{"name":"_noError","decl":{"start":{"line":42,"column":22},"end":{"line":44,"column":3}},"loc":{"start":{"line":42,"column":22},"end":{"line":44,"column":3}},"line":42},"4":{"name":"GroupControl","decl":{"start":{"line":46,"column":2},"end":{"line":53,"column":3}},"loc":{"start":{"line":46,"column":2},"end":{"line":53,"column":3}},"line":46},"5":{"name":"setValue","decl":{"start":{"line":55,"column":22},"end":{"line":65,"column":3}},"loc":{"start":{"line":55,"column":22},"end":{"line":65,"column":3}},"line":55},"6":{"name":"reset","decl":{"start":{"line":67,"column":19},"end":{"line":74,"column":3}},"loc":{"start":{"line":67,"column":19},"end":{"line":74,"column":3}},"line":67},"7":{"name":"get","decl":{"start":{"line":76,"column":8},"end":{"line":78,"column":3}},"loc":{"start":{"line":76,"column":8},"end":{"line":78,"column":3}},"line":76},"8":{"name":"add","decl":{"start":{"line":80,"column":8},"end":{"line":95,"column":3}},"loc":{"start":{"line":80,"column":8},"end":{"line":95,"column":3}},"line":80},"9":{"name":"remove","decl":{"start":{"line":97,"column":11},"end":{"line":111,"column":3}},"loc":{"start":{"line":97,"column":11},"end":{"line":111,"column":3}},"line":97},"10":{"name":"initControls","decl":{"start":{"line":113,"column":25},"end":{"line":126,"column":3}},"loc":{"start":{"line":113,"column":25},"end":{"line":126,"column":3}},"line":113},"11":{"name":"setValueToControls","decl":{"start":{"line":128,"column":31},"end":{"line":133,"column":3}},"loc":{"start":{"line":128,"column":31},"end":{"line":133,"column":3}},"line":128},"12":{"name":"updatePrivateControlsAndResetSubscribeGraph","decl":{"start":{"line":135,"column":56},"end":{"line":139,"column":3}},"loc":{"start":{"line":135,"column":56},"end":{"line":139,"column":3}},"line":135},"13":{"name":"getGroupValueFromControls","decl":{"start":{"line":141,"column":38},"end":{"line":148,"column":3}},"loc":{"start":{"line":141,"column":38},"end":{"line":148,"column":3}},"line":141},"14":{"name":"resetGraph","decl":{"start":{"line":153,"column":23},"end":{"line":161,"column":3}},"loc":{"start":{"line":153,"column":23},"end":{"line":161,"column":3}},"line":153},"15":{"name":"destroyGraph","decl":{"start":{"line":166,"column":25},"end":{"line":174,"column":3}},"loc":{"start":{"line":166,"column":25},"end":{"line":174,"column":3}},"line":166},"16":{"name":"resetValueGraph","decl":{"start":{"line":176,"column":10},"end":{"line":189,"column":3}},"loc":{"start":{"line":176,"column":10},"end":{"line":189,"column":3}},"line":176},"17":{"name":"resetValidGraph","decl":{"start":{"line":191,"column":28},"end":{"line":202,"column":3}},"loc":{"start":{"line":191,"column":28},"end":{"line":202,"column":3}},"line":191}},"f":{"0":18,"1":25,"2":18,"3":29,"4":18,"5":1,"6":1,"7":17,"8":2,"9":2,"10":18,"11":1,"12":2,"13":25,"14":22,"15":2,"16":22,"17":22}}
[...]
{"start":{"line":12,"column":0},"end":{"line":12,"column":0}},"12":{"start":{"line":13,"column":0},"end":{"line":13,"column":52}},"13":{"start":{"line":14,"column":0},"end":{"line":14,"column":0}},"14":{"start":{"line":15,"column":0},"end":{"line":15,"column":67}},"15":{"start":{"line":16,"column":0},"end":{"line":16,"column":79}},"16":{"start":{"line":17,"column":0},"end":{"line":17,"column":33}},"17":{"start":{"line":18,"column":0},"end":{"line":18,"column":0}},"18":{"start":{"line":19,"column":0},"end":{"line":19,"column":42}},"19":{"start":{"line":20,"column":0},"end":{"line":20,"column":61}},"20":{"start":{"line":21,"column":0},"end":{"line":21,"column":3}},"21":{"start":{"line":22,"column":0},"end":{"line":22,"column":0}},"22":{"start":{"line":23,"column":0},"end":{"line":23,"column":47}},"23":{"start":{"line":24,"column":0},"end":{"line":24,"column":41}},"24":{"start":{"line":25,"column":0},"end":{"line":25,"column":43}},"25":{"start":{"line":26,"column":0},"end":{"line":26,"column":41}},"26":{"start":{"line":27,"column":0},"end":{"line":27,"column":0}},"27":{"start":{"line":28,"column":0},"end":{"line":28,"column":45}},"28":{"start":{"line":29,"column":0},"end":{"line":29,"column":9}},"29":{"start":{"line":30,"column":0},"end":{"line":30,"column":12}},"30":{"start":{"line":31,"column":0},"end":{"line":31,"column":11}},"31":{"start":{"line":32,"column":0},"end":{"line":32,"column":13}},"32":{"start":{"line":33,"column":0},"end":{"line":33,"column":10}},"33":{"start":{"line":34,"column":0},"end":{"line":34,"column":10}},"34":{"start":{"line":35,"column":0},"end":{"line":35,"column":4}},"35":{"start":{"line":36,"column":0},"end":{"line":36,"column":33}},"36":{"start":{"line":37,"column":0},"end":{"line":37,"column":2}}},"s":{"0":1,"1":1,"2":1,"3":1,"4":1,"5":1,"6":1,"7":1,"8":1,"9":1,"10":2,"11":2,"12":2,"13":2,"14":2,"15":2,"16":2,"17":2,"18":2,"19":0,"20":0,"21":2,"22":2,"23":2,"24":2,"25":2,"26":2,"27":2,"28":2,"29":2,"30":2,"31":2,"32":2,"33":2,"34":2,"35":2,"36":2},"branchMap":{"0":{"type":"branch","line":10,"loc":{"start":{"line":10,"column":21},"end":{"line":37,"column":2}},"locations":[{"start":{"line":10,"column":21},"end":{"line":37,"column":2}}]},"1":{"type":"branch","line":16,"loc":{"start":{"line":16,"column":4},"end":{"line":16,"column":79}},"locations":[{"start":{"line":16,"column":4},"end":{"line":16,"column":79}}]},"2":{"type":"branch","line":17,"loc":{"start":{"line":17,"column":4},"end":{"line":17,"column":32}},"locations":[{"start":{"line":17,"column":4},"end":{"line":17,"column":32}}]},"3":{"type":"branch","line":19,"loc":{"start":{"line":19,"column":41},"end":{"line":21,"column":3}},"locations":[{"start":{"line":19,"column":41},"end":{"line":21,"column":3}}]}},"b":{"0":[2],"1":[1],"2":[1],"3":[0]},"fnMap":{"0":{"name":"Error","decl":{"start":{"line":10,"column":21},"end":{"line":37,"column":2}},"loc":{"start":{"line":10,"column":21},"end":{"line":37,"column":2}},"line":10}},"f":{"0":2}}
,"/Users/mengweikang/Desktop/yzw-rx-form/packages/react/src/items/field.tsx": {"path":"/Users/mengweikang/Desktop/yzw-rx-form/packages/react/src/items/field.tsx","all":false,"statementMap":{"0":{"start":{"line":1,"column":0},"end":{"line":1,"column":35}},"1":{"start":{"line":2,"column":0},"end":{"line":2,"column":49}},"2":{"start":{"line":3,"column":0},"end":{"line":3,"column":0}},"3":{"start":{"line":4,"column":0},"end":{"line":4,"column":58}},"4":{"start":{"line":5,"column":0},"end":{"line":5,"column":73}},"5":{"start":{"line":6,"column":0},"end":{"line":6,"column":115}},"6":{"start":{"line":7,"column":0},"end":{"line":7,"column":0}},"7":{"start":{"line":8,"column":0},"end":{"line":8,"column":46}},"8":{"start":{"line":9,"column":0},"end":{"line":9,"column":0}},"9":{"start":{"line":10,"column":0},"end":{"line":10,"column":48}},"10":{"start":{"line":11,"column":0},"end":{"line":11,"column":29}},"11":{"start":{"line":12,"column":0},"end":{"line":12,"column":0}},"12":{"start":{"line":13,"column":0},"end":{"line":13,"column":47}},"13":{"start":{"line":14,"column":0},"end":{"line":14,"column":0}},"14":{"start":{"line":15,"column":0},"end":{"line":15,"column":5}},"15":{"start":{"line":16,"column":0},"end":{"line":16,"column":55}},"16":{"start":{"line":17,"column":0},"end":{"line":17,"column":5}},"17":{"start":{"line":18,"column":0},"end":{"line":18,"column":70}},"18":{"start":{"line":19,"column":0},"end":{"line":19,"column":77}},"19":{"start":{"line":20,"column":0},"end":{"line":20,"column":33}},"20":{"start":{"line":21,"column":0},"end":{"line":21,"column":0}},"21":{"start":{"line":22,"column":0},"end":{"line":22,"column":43}},"22":{"start":{"line":23,"column":0},"end":{"line":23,"column":61}},"23":{"start":{"line":24,"column":0},"end":{"line":24,"column":3}},"24":{"start":{"line":25,"column":0},"end":{"line":25,"column":0}},"25":{"start":{"line":26,"column":0},"end":{"line":26,"column":58}},"26":{"start":{"line":27,"column":0},"end":{"line":27,"column":47}},"27":{"start":{"line":28,"column":0},"end":{"line":28,"column":41}},"28":{"start":{"line":29,"column":0},"end":{"line":29,"column":41}},"29":{"start":{"line":30,"column":0},"end":{"line":30,"column":43}},"30":{"start":{"line":31,"column":0},"end":{"line":31,"column":56}},"31":{"start":{"line":32,"column":0},"end":{"line":32,"column":0}},"32":{"start":{"line":33,"column":0},"end":{"line":33,"column":45}},"33":{"start":{"line":34,"column":0},"end":{"line":34,"column":9}},"34":{"start":{"line":35,"column":0},"end":{"line":35,"column":10}},"35":{"start":{"line":36,"column":0},"end":{"line":36,"column":12}},"36":{"start":{"line":37,"column":0},"end":{"line":37,"column":31}},"37":{"start":{"line":38,"column":0},"end":{"line":38,"column":37}},"38":{"start":{"line":39,"column":0},"end":{"line":39,"column":43}},"39":{"start":{"line":40,"column":0},"end":{"line":40,"column":61}},"40":{"start":{"line":41,"column":0},"end":{"line":41,"column":11}},"41":{"start":{"line":42,"column":0},"end":{"line":42,"column":19}},"42":{"start":{"line":43,"column":0},"end":{"line":43,"column":13}},"43":{"start":{"line":44,"column":0},"end":{"line":44,"column":10}},"44":{"start":{"line":45,"column":0},"end":{"line":45,"column":10}},"45":{"start":{"line":46,"column":0},"end":{"line":46,"column":4}},"46":{"start":{"line":47,"column":0},"end":{"line":47,"column":0}},"47":{"start":{"line":48,"column":0},"end":{"line":48,"column":33}},"48":{"start":{"line":49,"column":0},"end":{"line":49,"column":1}}},"s":{"0":1,"1":1,"2":1,"3":1,"4":1,"5":1,"6":1,"7":1,"8":1,"9":9,"10":9,"11":9,"12":9,"13":9,"14":9,"15":9,"16":9,"17":9,"18":9,"19":9,"20":9,"21":9,"22":0,"23":0,"24":8,"25":8,"26":8,"27":8,"28":8,"29":8,"30":8,"31":8,"32":8,"33":8,"34":8,"35":8,"36":8,"37":8,"38":8,"39":8,"40":8,"41":8,"42":8,"43":8,"44":8,"45":8,"46":8,"47":8,"48":8},"branchMap":{"0":{"type":"branch","line":10,"loc":{"start":{"line":10,"column":0},"end":{"line":49,"column":1}},"locations":[{"start":{"line":10,"column":0},"end":{"line":49,"column":1}}]},"1":{"type":"branch","line":19,"loc":{"start":{"line":19,"column":4},"end":{"line":19,"column":77}},"locations":[{"start":{"line":19,"column":4},"end":{"line":19,"column":77}}]},"2":{"type":"branch","line":20,"loc":{"start":{"line":20,"column":4},"end":{"line":20,"column":32}},"locations":[{"start":{"line":20,"column":4},"end":{"line":20,"column":32}}]},"3":{"type":"branch","line":22,"loc":{"start":{"line":22,"column":42},"end":{"line":24,"column":3}},"locations":[{"start":{"line":22,"column":42},"end":{"line":24,"column":3}}]},"4":{"type":"branch","line":25,"loc":{"start":{"line":25,"column":-1},"end":{"line":49,"column":1}},"locations":[{"start":{"line":25,"column":-1},"end":{"line":49,"column":1}}]}},"b":{"0":[9],"1":[7],"2":[1],"3":[0],"4":[8]},"fnMap":{"0":{"name":"Field","decl":{"start":{"line":10,"column":0},"end":{"line":49,"column":1}},"loc":{"start":{"line":10,"column":0},"end":{"line":49,"column":1}},"line":10}},"f":{"0":9}}
,"/Users/mengweikang/Desktop/yzw-rx-form/packages/react/src/items/group.tsx": {"path":"/Users/mengweikang/Desktop/yzw-rx-form/packages/react/src/items/group.tsx","all":false,"statementMap":{"0":{"start":{"line":1,"column":0},"end":{"line":1,"column":42}},"1":{"start":{"line":2,"column":0},"end":{"line":2,"column":61}},"2":{"start":{"line":3,"column":0},"end":{"line":3,"column":0}},"3":{"start":{"line":4,"column":0},"end":{"line":4,"column":58}},"4":{"start":{"line":5,"column":0},"end":{"line":5,"column":73}},"5":{"start":{"line":6,"column":0},"end":{"line":6,"column":66}},"6":{"start":{"line":7,"column":0},"end":{"line":7,"column":0}},"7":{"start":{"line":8,"column":0},"end":{"line":8,"column":46}},"8":{"start":{"line":9,"column":0},"end":{"line":9,"column":0}},"9":{"start":{"line":10,"column":0},"end":{"line":10,"column":76}},"10":{"start":{"line":11,"column":0},"end":{"line":11,"column":29}},"11":{"start":{"line":12,"column":0},"end":{"line":12,"column":0}},"12":{"start":{"line":13,"column":0},"end":{"line":13,"column":47}},"13":{"start":{"line":14,"column":0},"end":{"line":14,"column":0}},"14":{"start":{"line":15,"column":0},"end":{"line":15,"column":67}},"15":{"start":{"line":16,"column":0},"end":{"line":16,"column":77}},"16":{"start":{"line":17,"column":0},"end":{"line":17,"column":33}},"17":{"start":{"line":18,"column":0},"end":{"line":18,"column":0}},"18":{"start":{"line":19,"column":0},"end":{"line":19,"column":43}},"19":{"start":{"line":20,"column":0},"end":{"line":20,"column":61}},"20":{"start":{"line":21,"column":0},"end":{"line":21,"column":3}},"21":{"start":{"line":22,"column":0},"end":{"line":22,"column":0}},"22":{"start":{"line":23,"column":0},"end":{"line":23,"column":47}},"23":{"start":{"line":24,"column":0},"end":{"line":24,"column":64}},"24":{"start":{"line":25,"column":0},"end":{"line":25,"column":0}},"25":{"start":{"line":26,"column":0},"end":{"line":26,"column":45}},"26":{"start":{"line":27,"column":0},"end":{"line":27,"column":9}},"27":{"start":{"line":28,"column":0},"end":{"line":28,"column":13}},"28":{"start":{"line":29,"column":0},"end":{"line":29,"column":12}},"29":{"start":{"line":30,"column":0},"end":{"line":30,"column":28}},"30":{"start":{"line":31,"column":0},"end":{"line":31,"column":4}},"31":{"start":{"line":32,"column":0},"end":{"line":32,"column":0}},"32":{"start":{"line":33,"column":0},"end":{"line":33,"column":105}},"33":{"start":{"line":34,"column":0},"end":{"line":34,"column":2}}},"s":{"0":1,"1":1,"2":1,"3":1,"4":1,"5":1,"6":1,"7":1,"8":1,"9":1,"10":4,"11":4,"12":4,"13":4,"14":4,"15":4,"16":4,"17":4,"18":4,"19":0,"20":0,"21":3,"22":3,"23":3,"24":3,"25":3,"26":3,"27":3,"28":3,"29":3,"30":3,"31":3,"32":3,"33":3},"branchMap":{"0":{"type":"branch","line":10,"loc":{"start":{"line":10,"column":21},"end":{"line":34,"column":2}},"locations":[{"start":{"line":10,"column":21},"end":{"line":34,"column":2}}]},"1":{"type":"branch","line":16,"loc":{"start":{"line":16,"column":4},"end":{"line":16,"column":77}},"locations":[{"start":{"line":16,"column":4},"end":{"line":16,"column":77}}]},"2":{"type":"branch","line":17,"loc":{"start":{"line":17,"column":4},"end":{"line":17,"column":32}},"locations":[{"start":{"line":17,"column":4},"end":{"line":17,"column":32}}]},"3":{"type":"branch","line":19,"loc":{"start":{"line":19,"column":42},"end":{"line":21,"column":3}},"locations":[{"start":{"line":19,"column":42},"end":{"line":21,"column":3}}]},"4":{"type":"branch","line":22,"loc":{"start":{"line":22,"column":-1},"end":{"line":34,"column":2}},"locations":[{"start":{"line":22,"column":-1},"end":{"line":34,"column":2}}]}},"b":{"0":[4],"1":[1],"2":[2],"3":[0],"4":[3]},"fnMap":{"0":{"name":"Group","decl":{"start":{"line":10,"column":21},"end":{"line":34,"column":2}},"loc":{"start":{"line":10,"column":21},"end":{"line":34,"column":2}},"line":10}},"f":{"0":4}}
,"/Users/mengweikang/Desktop/yzw-rx-form/packages/react/src/items/list.tsx": {"path":"/Users/mengweikang/Desktop/yzw-rx-form/packages/react/src/items/list.tsx","all":false,"statementMap":{"0":{"start":{"line":1,"column":0},"end":{"line":1,"column":42}},"1":{"start":{"line":2,"column":0},"end":{"line":2,"column":62}},"2":{"start":{"line":3,"column":0},"end":{"line":3,"column":0}},"3":{"start":{"line":4,"column":0},"end":{"line":4,"column":72}},"4":{"start":{"line":5,"column":0},"end":{"line":5,"column":56}},"5":{"start":{"line":6,"column":0},"end":{"line":6,"column":66}},"6":{"start":{"line":7,"column":0},"end":{"line":7,"column":0}},"7":{"start":{"line":8,"column":0},"end":{"line":8,"column":46}},"8":{"start":{"line":9,"column":0},"end":{"line":9,"column":0}},"9":{"start":{"line":10,"column":0},"end":{"line":10,"column":50}},"10":{"start":{"line":11,"column":0},"end":{"line":11,"column":29}},"11":{"start":{"line":12,"column":0},"end":{"line":12,"column":0}},"12":{"start":{"line":13,"column":0},"end":{"line":13,"column":47}},"13":{"start":{"line":14,"column":0},"end":{"line":14,"column":0}},"14":{"start":{"line":15,"column":0},"end":{"line":15,"column":66}},"15":{"start":{"line":16,"column":0},"end":{"line":16,"column":76}},"16":{"start":{"line":17,"column":0},"end":{"line":17,"column":33}},"17":{"start":{"line":18,"column":0},"end":{"line":18,"column":0}},"18":{"start":{"line":19,"column":0},"end":{"line":19,"column":42}},"19":{"start":{"line":20,"column":0},"end":{"line":20,"column":60}},"20":{"start":{"line":21,"column":0},"end":{"line":21,"column":3}},"21":{"start":{"line":22,"column":0},"end":{"line":22,"column":0}},"22":{"start":{"line":23,"column":0},"end":{"line":23,"column":47}},"23":{"start":{"line":24,"column":0},"end":{"line":24,"column":63}},"24":{"start":{"line":25,"column":0},"end":{"line":25,"column":0}},"25":{"start":{"line":26,"column":0},"end":{"line":26,"column":44}},"26":{"start":{"line":27,"column":0},"end":{"line":27,"column":9}},"27":{"start":{"line":28,"column":0},"end":{"line":28,"column":13}},"28":{"start":{"line":29,"column":0},"end":{"line":29,"column":12}},"29":{"start":{"line":30,"column":0},"end":{"line":30,"column":28}},"30":{"start":{"line":31,"column":0},"end":{"line":31,"column":4}},"31":{"start":{"line":32,"column":0},"end":{"line":32,"column":0}},"32":{"start":{"line":33,"column":0},"end":{"line":33,"column":105}},"33":{"start":{"line":34,"column":0},"end":{"line":34,"column":2}}},"s":{"0":1,"1":1,"2":1,"3":1,"4":1,"5":1,"6":1,"7":1,"8":1,"9":1,"10":2,"11":2,"12":2,"13":2,"14":2,"15":2,"16":2,"17":2,"18":2,"19":0,"20":0,"21":2,"22":2,"23":2,"24":2,"25":2,"26":2,"27":2,"28":2,"29":2,"30":2,"31":2,"32":2,"33":2},"branchMap":{"0":{"type":"branch","line":10,"loc":{"start":{"line":10,"column":20},"end":{"line":34,"column":2}},"locations":[{"start":{"line":10,"column":20},"end":{"line":34,"column":2}}]},"1":{"type":"branch","line":16,"loc":{"start":{"line":16,"column":4},"end":{"line":16,"column":76}},"locations":[{"start":{"line":16,"column":4},"end":{"line":16,"column":76}}]},"2":{"type":"branch","line":17,"loc":{"start":{"line":17,"column":4},"end":{"line":17,"column":32}},"locations":[{"start":{"line":17,"column":4},"end":{"line":17,"column":32}}]},"3":{"type":"branch","line":19,"loc":{"start":{"line":19,"column":41},"end":{"line":21,"column":3}},"locations":[{"start":{"line":19,"column":41},"end":{"line":21,"column":3}}]}},"b":{"0":[2],"1":[1],"2":[1],"3":[0]},"fnMap":{"0":{"name":"List","decl":{"start":{"line":10,"column":20},"end":{"line":34,"column":2}},"loc":{"start":{"line":10,"column":20},"end":{"line":34,"column":2}},"line":10}},"f":{"0":2}}
,"/Users/mengweikang/Desktop/yzw-rx-form/packages/react/src/utils/help.ts": {"path":"/Users/mengweikang/Desktop/yzw-rx-form/packages/react/src/utils/help.ts","all":false,"statementMap":{"0":{"start":{"line":1,"column":0},"end":{"line":1,"column":47}},"1":{"start":{"line":2,"column":0},"end":{"line":2,"column":0}},"2":{"start":{"line":3,"column":0},"end":{"line":3,"column":8}},"3":{"start":{"line":4,"column":0},"end":{"line":4,"column":13}},"4":{"start":{"line":5,"column":0},"end":{"line":5,"column":21}},"5":{"start":{"line":6,"column":0},"end":{"line":6,"column":13}},"6":{"start":{"line":7,"column":0},"end":{"line":7,"column":21}},"7":{"start":{"line":8,"column":0},"end":{"line":8,"column":13}},"8":{"start":{"line":9,"column":0},"end":{"line":9,"column":21}},"9":{"start":{"line":10,"column":0},"end":{"line":10,"column":12}},"10":{"start":{"line":11,"column":0},"end":{"line":11,"column":20}},"11":{"start":{"line":12,"column":0},"end":{"line":12,"column":18}},"12":{"start":{"line":13,"column":0},"end":{"line":13,"column":0}},"13":{"start":{"line":14,"column":0},"end":{"line":14,"column":95}},"14":{"start":{"line":15,"column":0},"end":{"line":15,"column":61}},"15":{"start":{"line":16,"column":0},"end":{"line":16,"column":1}},"16":{"start":{"line":17,"column":0},"end":{"line":17,"column":0}},"17":{"start":{"line":18,"column":0},"end":{"line":18,"column":117}},"18":{"start":{"line":19,"column":0},"end":{"line":19,"column":61}},"19":{"start":{"line":20,"column":0},"end":{"line":20,"column":2}},"20":{"start":{"line":21,"column":0},"end":{"line":21,"column":0}},"21":{"start":{"line":22,"column":0},"end":{"line":22,"column":95}},"22":{"start":{"line":23,"column":0},"end":{"line":23,"column":60}},"23":{"start":{"line":24,"column":0},"end":{"line":24,"column":2}},"24":{"start":{"line":25,"column":0},"end":{"line":25,"column":0}},"25":{"start":{"line":26,"column":0},"end":{"line":26,"column":86}},"26":{"start":{"line":27,"column":0},"end":{"line":27,"column":58}},"27":{"start":{"line":28,"column":0},"end":{"line":28,"column":1}},"28":{"start":{"line":29,"column":0},"end":{"line":29,"column":0}},"29":{"start":{"line":30,"column":0},"end":{"line":30,"column":57}},"30":{"start":{"line":31,"column":0},"end":{"line":31,"column":38}},"31":{"start":{"line":32,"column":0},"end":{"line":32,"column":2}}},"s":{"0":1,"1":1,"2":1,"3":1,"4":1,"5":1,"6":1,"7":1,"8":1,"9":1,"10":1,"11":1,"12":1,"13":8,"14":8,"15":8,"16":1,"17":1,"18":3,"19":3,"20":1,"21":1,"22":2,"23":2,"24":1,"25":2,"26":2,"27":2,"28":1,"29":1,"30":0,"31":0},"branchMap":{"0":{"type":"branch","line":14,"loc":{"start":{"line":14,"column":0},"end":{"line":16,"column":1}},"locations":[{"start":{"line":14,"column":0},"end":{"line":16,"column":1}}]},"1":{"type":"branch","line":18,"loc":{"start":{"line":18,"column":36},"end":{"line":20,"column":2}},"locations":[{"start":{"line":18,"column":36},"end":{"line":20,"column":2}}]},"2":{"type":"branch","line":22,"loc":{"start":{"line":22,"column":35},"end":{"line":24,"column":2}},"locations":[{"start":{"line":22,"column":35},"end":{"line":24,"column":2}}]},"3":{"type":"branch","line":26,"loc":{"start":{"line":26,"column":0},"end":{"line":28,"column":1}},"locations":[{"start":{"line":26,"column":0},"end":{"line":28,"column":1}}]}},"b":{"0":[8],"1":[3],"2":[2],"3":[2]},"fnMap":{"0":{"name":"isFieldWithNameProps","decl":{"start":{"line":14,"column":0},"end":{"line":16,"column":1}},"loc":{"start":{"line":14,"column":0},"end":{"line":16,"column":1}},"line":14},"1":{"name":"isGroupWithNameProps","decl":{"start":{"line":18,"column":36},"end":{"line":20,"column":2}},"loc":{"start":{"line":18,"column":36},"end":{"line":20,"column":2}},"line":18},"2":{"name":"isListWithNameProps","decl":{"start":{"line":22,"column":35},"end":{"line":24,"column":2}},"loc":{"start":{"line":22,"column":35},"end":{"line":24,"column":2}},"line":22},"3":{"name":"isErrorWithNameProps","decl":{"start":{"line":26,"column":0},"end":{"line":28,"column":1}},"loc":{"start":{"line":26,"column":0},"end":{"line":28,"column":1}},"line":26},"4":{"name":"__throwRxFormReactError","decl":{"start":{"line":30,"column":39},"end":{"line":32,"column":2}},"loc":{"start":{"line":30,"column":39},"end":{"line":32,"column":2}},"line":30}},"f":{"0":8,"1":3,"2":2,"3":2,"4":0}}
,"/Users/mengweikang/Desktop/yzw-rx-form/packages/react/src/utils/index.ts": {"path":"/Users/mengweikang/Desktop/yzw-rx-form/packages/react/src/utils/index.ts","all":false,"statementMap":{"0":{"start":{"line":1,"column":0},"end":{"line":1,"column":23}}},"s":{"0":1},"branchMap":{},"b":{},"fnMap":{},"f":{}}
}
