TN:
SF:packages/core/src/index.ts
FN:4,get
FN:5,get
FN:6,get
FN:7,get
FN:29,get
FN:30,get
FN:31,get
FN:32,get
FN:33,get
FN:34,get
FN:35,get
FN:36,get
FN:37,get
FNF:13
FNH:11
FNDA:120,get
FNDA:17,get
FNDA:16,get
FNDA:0,get
FNDA:15,get
FNDA:2,get
FNDA:15,get
FNDA:15,get
FNDA:5,get
FNDA:15,get
FNDA:15,get
FNDA:0,get
FNDA:14,get
DA:1,1
DA:2,1
DA:3,1
DA:4,1
DA:5,1
DA:6,1
DA:7,1
DA:8,1
DA:9,1
DA:10,1
DA:11,1
DA:12,1
DA:13,1
DA:14,1
DA:15,1
DA:16,1
DA:17,1
DA:18,1
DA:19,1
DA:20,1
DA:21,1
DA:22,1
DA:23,1
DA:24,1
DA:25,1
DA:26,1
DA:27,1
DA:28,1
DA:29,1
DA:30,1
DA:31,1
DA:32,1
DA:33,1
DA:34,1
DA:35,1
DA:36,1
DA:37,1
DA:38,1
LF:38
LH:38
BRDA:4,0,0,120
BRDA:5,1,0,17
BRDA:6,2,0,16
BRDA:29,3,0,15
BRDA:30,4,0,2
BRDA:31,5,0,15
BRDA:32,6,0,15
BRDA:33,7,0,5
BRDA:34,8,0,15
BRDA:35,9,0,15
BRDA:37,10,0,14
BRF:11
BRH:11
end_of_record
TN:
SF:packages/core/src/controls/abstractControl.ts
FN:12,get value
FN:16,get errors
FN:24,get valid
FN:28,get invalid
FN:32,get disabled
FN:36,get enabled
FN:40,get dirty
FN:44,get pristine
FN:48,get valueChange
FN:52,get errorsChange
FN:60,get disabledChange
FN:64,get dirtyChange
FN:68,get validChange
FN:96,<instance_members_initializer>
FN:117,initBasicParams
FN:192,destroy
FN:196,setErrors
FN:210,setValidators
FN:224,disable
FN:228,enable
FN:232,markAsDirty
FN:236,markAsPristine
FN:240,validateAndUpdateErrors
FN:252,setValid
FN:273,setDisabled
FN:281,setDirty
FNF:26
FNH:26
FNDA:250,get value
FNDA:266,get errors
FNDA:47,get valid
FNDA:1,get invalid
FNDA:26,get disabled
FNDA:38,get enabled
FNDA:44,get dirty
FNDA:6,get pristine
FNDA:522,get valueChange
FNDA:170,get errorsChange
FNDA:210,get disabledChange
FNDA:169,get dirtyChange
FNDA:205,get validChange
FNDA:156,<instance_members_initializer>
FNDA:156,initBasicParams
FNDA:1,destroy
FNDA:23,setErrors
FNDA:5,setValidators
FNDA:2,disable
FNDA:2,enable
FNDA:20,markAsDirty
FNDA:3,markAsPristine
FNDA:23,validateAndUpdateErrors
FNDA:24,setValid
FNDA:4,setDisabled
FNDA:23,setDirty
DA:1,1
DA:2,1
DA:3,1
DA:4,1
DA:5,1
DA:6,1
DA:7,1
DA:8,1
DA:9,1
DA:10,1
DA:11,1
DA:12,1
DA:13,250
DA:14,250
DA:15,1
DA:16,1
DA:17,266
DA:18,266
DA:19,1
DA:20,1
DA:21,1
DA:22,1
DA:23,1
DA:24,1
DA:25,47
DA:26,47
DA:27,1
DA:28,1
DA:29,1
DA:30,1
DA:31,1
DA:32,1
DA:33,26
DA:34,26
DA:35,1
DA:36,1
DA:37,38
DA:38,38
DA:39,1
DA:40,1
DA:41,44
DA:42,44
DA:43,1
DA:44,1
DA:45,6
DA:46,6
DA:47,1
DA:48,1
DA:49,522
DA:50,522
DA:51,1
DA:52,1
DA:53,170
DA:54,170
DA:55,1
DA:56,1
DA:57,1
DA:58,1
DA:59,1
DA:60,1
DA:61,210
DA:62,210
DA:63,1
DA:64,1
DA:65,169
DA:66,169
DA:67,1
DA:68,1
DA:69,205
DA:70,205
DA:71,1
DA:72,1
DA:73,1
DA:74,1
DA:75,1
DA:76,1
DA:77,1
DA:78,1
DA:79,1
DA:80,1
DA:81,1
DA:82,1
DA:83,1
DA:84,1
DA:85,1
DA:86,1
DA:87,1
DA:88,1
DA:89,1
DA:90,1
DA:91,1
DA:92,1
DA:93,1
DA:94,1
DA:95,1
DA:96,1
DA:97,156
DA:98,156
DA:99,156
DA:100,156
DA:101,156
DA:102,156
DA:103,156
DA:104,156
DA:105,156
DA:106,156
DA:107,156
DA:108,156
DA:109,156
DA:110,156
DA:111,156
DA:112,156
DA:113,156
DA:114,156
DA:115,156
DA:116,156
DA:117,156
DA:118,156
DA:119,156
DA:120,156
DA:121,156
DA:122,156
DA:123,156
DA:124,156
DA:125,156
DA:126,156
DA:127,156
DA:128,156
DA:129,156
DA:130,156
DA:131,156
DA:132,156
DA:133,156
DA:134,156
DA:135,156
DA:136,156
DA:137,154
DA:138,154
DA:139,156
DA:140,156
DA:141,6
DA:142,156
DA:143,156
DA:144,156
DA:145,5
DA:146,156
DA:147,156
DA:148,156
DA:149,156
DA:150,156
DA:151,156
DA:152,156
DA:153,156
DA:154,156
DA:155,156
DA:156,156
DA:157,156
DA:158,3
DA:159,156
DA:160,156
DA:161,156
DA:162,18
DA:163,156
DA:164,156
DA:165,156
DA:166,20
DA:167,156
DA:168,156
DA:169,156
DA:170,154
DA:171,154
DA:172,156
DA:173,156
DA:174,156
DA:175,156
DA:176,156
DA:177,156
DA:178,156
DA:179,156
DA:180,156
DA:181,156
DA:182,156
DA:183,156
DA:184,156
DA:185,156
DA:186,155
DA:187,155
DA:188,156
DA:189,156
DA:190,156
DA:191,156
DA:192,156
DA:193,1
DA:194,156
DA:195,156
DA:196,156
DA:197,23
DA:198,18
DA:199,18
DA:200,5
DA:201,156
DA:202,156
DA:203,156
DA:204,156
DA:205,156
DA:206,156
DA:207,156
DA:208,156
DA:209,156
DA:210,156
DA:211,5
DA:212,5
DA:213,3
DA:214,3
DA:215,156
DA:216,156
DA:217,156
DA:218,156
DA:219,156
DA:220,156
DA:221,156
DA:222,156
DA:223,156
DA:224,156
DA:225,2
DA:226,156
DA:227,156
DA:228,156
DA:229,2
DA:230,156
DA:231,156
DA:232,156
DA:233,20
DA:234,156
DA:235,156
DA:236,156
DA:237,3
DA:238,156
DA:239,156
DA:240,156
DA:241,23
DA:242,23
DA:243,23
DA:244,23
DA:245,156
DA:246,156
DA:247,156
DA:248,156
DA:249,156
DA:250,156
DA:251,156
DA:252,156
DA:253,24
DA:254,18
DA:255,18
DA:256,6
DA:257,6
DA:258,6
DA:259,6
DA:260,6
DA:261,6
DA:262,6
DA:263,6
DA:264,156
DA:265,156
DA:266,156
DA:267,156
DA:268,156
DA:269,156
DA:270,156
DA:271,156
DA:272,156
DA:273,156
DA:274,4
DA:275,1
DA:276,1
DA:277,3
DA:278,3
DA:279,156
DA:280,156
DA:281,156
DA:282,23
DA:283,5
DA:284,5
DA:285,18
DA:286,18
DA:287,1
DA:288,1
LF:288
LH:288
BRDA:12,0,0,250
BRDA:16,1,0,266
BRDA:24,2,0,47
BRDA:28,3,0,1
BRDA:32,4,0,26
BRDA:36,5,0,38
BRDA:40,6,0,44
BRDA:44,7,0,6
BRDA:48,8,0,522
BRDA:52,9,0,170
BRDA:60,10,0,210
BRDA:64,11,0,169
BRDA:68,12,0,205
BRDA:96,13,0,156
BRDA:117,14,0,156
BRDA:136,15,0,154
BRDA:169,16,0,154
BRDA:185,17,0,155
BRDA:140,18,0,6
BRDA:144,19,0,5
BRDA:157,20,0,3
BRDA:161,21,0,18
BRDA:165,22,0,20
BRDA:192,23,0,1
BRDA:196,24,0,23
BRDA:197,25,0,18
BRDA:200,26,0,5
BRDA:210,27,0,5
BRDA:212,28,0,3
BRDA:224,29,0,2
BRDA:228,30,0,2
BRDA:232,31,0,20
BRDA:236,32,0,3
BRDA:240,33,0,23
BRDA:252,34,0,24
BRDA:253,35,0,18
BRDA:256,36,0,6
BRDA:273,37,0,4
BRDA:274,38,0,1
BRDA:277,39,0,3
BRDA:281,40,0,23
BRDA:282,41,0,5
BRDA:285,42,0,18
BRF:43
BRH:43
end_of_record
TN:
SF:packages/core/src/controls/fieldControl.ts
FN:6,<instance_members_initializer>
FN:8,_noError
FN:9,FieldControl
FN:15,setValue
FN:35,reset
FNF:5
FNH:5
FNDA:136,<instance_members_initializer>
FNDA:194,_noError
FNDA:136,FieldControl
FNDA:15,setValue
FNDA:2,reset
DA:1,1
DA:2,1
DA:3,1
DA:4,1
DA:5,1
DA:6,1
DA:7,136
DA:8,136
DA:9,136
DA:10,136
DA:11,136
DA:12,136
DA:13,136
DA:14,136
DA:15,136
DA:16,15
DA:17,15
DA:18,15
DA:19,15
DA:20,15
DA:21,15
DA:22,15
DA:23,15
DA:24,15
DA:25,15
DA:26,15
DA:27,1
DA:28,1
DA:29,14
DA:30,14
DA:31,14
DA:32,14
DA:33,136
DA:34,136
DA:35,136
DA:36,2
DA:37,1
DA:38,1
LF:38
LH:38
BRDA:6,0,0,136
BRDA:8,1,0,194
BRDA:9,2,0,136
BRDA:15,3,0,15
BRDA:26,4,0,1
BRDA:29,5,0,14
BRDA:35,6,0,2
BRF:7
BRH:7
end_of_record
TN:
SF:packages/core/src/controls/groupControl.ts
FN:21,get controls
FN:25,get controlsChange
FN:29,<instance_members_initializer>
FN:43,_noError
FN:47,GroupControl
FN:56,setValue
FN:68,reset
FN:77,get
FN:81,add
FN:98,remove
FN:114,initControls
FN:129,setValueToControls
FN:136,updatePrivateControlsAndResetSubscribeGraph
FN:142,getGroupValueFromControls
FN:154,resetGraph
FN:167,destroyGraph
FN:177,resetValueGraph
FN:192,resetValidGraph
FNF:18
FNH:18
FNDA:15,get controls
FNDA:21,get controlsChange
FNDA:14,<instance_members_initializer>
FNDA:23,_noError
FNDA:14,GroupControl
FNDA:1,setValue
FNDA:1,reset
FNDA:14,get
FNDA:2,add
FNDA:2,remove
FNDA:14,initControls
FNDA:1,setValueToControls
FNDA:2,updatePrivateControlsAndResetSubscribeGraph
FNDA:21,getGroupValueFromControls
FNDA:18,resetGraph
FNDA:2,destroyGraph
FNDA:18,resetValueGraph
FNDA:18,resetValidGraph
DA:1,1
DA:2,1
DA:3,1
DA:4,1
DA:5,1
DA:6,1
DA:7,1
DA:8,1
DA:9,1
DA:10,1
DA:11,1
DA:12,1
DA:13,1
DA:14,1
DA:15,1
DA:16,1
DA:17,1
DA:18,1
DA:19,1
DA:20,1
DA:21,1
DA:22,15
DA:23,15
DA:24,1
DA:25,1
DA:26,21
DA:27,21
DA:28,1
DA:29,1
DA:30,14
DA:31,14
DA:32,14
DA:33,14
DA:34,14
DA:35,14
DA:36,14
DA:37,14
DA:38,14
DA:39,14
DA:40,14
DA:41,14
DA:42,14
DA:43,14
DA:44,23
DA:45,14
DA:46,14
DA:47,14
DA:48,14
DA:49,14
DA:50,14
DA:51,14
DA:52,14
DA:53,14
DA:54,14
DA:55,14
DA:56,14
DA:57,1
DA:58,1
DA:59,1
DA:60,1
DA:61,1
DA:62,1
DA:63,1
DA:64,1
DA:65,1
DA:66,14
DA:67,14
DA:68,14
DA:69,1
DA:70,1
DA:71,1
DA:72,1
DA:73,1
DA:74,1
DA:75,14
DA:76,14
DA:77,14
DA:78,14
DA:79,14
DA:80,14
DA:81,14
DA:82,2
DA:83,2
DA:84,2
DA:85,2
DA:86,1
DA:87,1
DA:88,1
DA:89,1
DA:90,1
DA:91,1
DA:92,1
DA:93,1
DA:94,1
DA:95,1
DA:96,14
DA:97,14
DA:98,14
DA:99,2
DA:100,2
DA:101,2
DA:102,2
DA:103,1
DA:104,1
DA:105,1
DA:106,1
DA:107,1
DA:108,1
DA:109,1
DA:110,1
DA:111,1
DA:112,14
DA:113,14
DA:114,14
DA:115,14
DA:116,14
DA:117,14
DA:118,22
DA:119,22
DA:120,22
DA:121,22
DA:122,22
DA:123,22
DA:124,22
DA:125,14
DA:126,14
DA:127,14
DA:128,14
DA:129,14
DA:130,1
DA:131,2
DA:132,2
DA:133,1
DA:134,14
DA:135,14
DA:136,14
DA:137,2
DA:138,2
DA:139,2
DA:140,14
DA:141,14
DA:142,14
DA:143,21
DA:144,21
DA:145,31
DA:146,31
DA:147,21
DA:148,21
DA:149,14
DA:150,14
DA:151,14
DA:152,14
DA:153,14
DA:154,14
DA:155,18
DA:156,18
DA:157,18
DA:158,18
DA:159,18
DA:160,18
DA:161,18
DA:162,14
DA:163,14
DA:164,14
DA:165,14
DA:166,14
DA:167,14
DA:168,2
DA:169,2
DA:170,2
DA:171,2
DA:172,2
DA:173,2
DA:174,2
DA:175,14
DA:176,14
DA:177,14
DA:178,18
DA:179,4
DA:180,4
DA:181,18
DA:182,18
DA:183,18
DA:184,18
DA:185,18
DA:186,18
DA:187,18
DA:188,3
DA:189,18
DA:190,18
DA:191,14
DA:192,14
DA:193,18
DA:194,4
DA:195,4
DA:196,18
DA:197,18
DA:198,18
DA:199,18
DA:200,18
DA:201,18
DA:202,18
DA:203,1
DA:204,1
LF:204
LH:204
BRDA:21,0,0,15
BRDA:25,1,0,21
BRDA:29,2,0,14
BRDA:43,3,0,23
BRDA:44,4,0,33
BRDA:47,5,0,14
BRDA:56,6,0,1
BRDA:68,7,0,1
BRDA:71,8,0,1
BRDA:77,9,0,14
BRDA:81,10,0,2
BRDA:85,11,0,1
BRDA:98,12,0,2
BRDA:102,13,0,1
BRDA:114,14,0,14
BRDA:117,15,0,22
BRDA:129,16,0,1
BRDA:130,17,0,2
BRDA:132,18,0,1
BRDA:136,19,0,2
BRDA:142,20,0,21
BRDA:144,21,0,31
BRDA:154,22,0,18
BRDA:156,23,0,28
BRDA:157,24,0,28
BRDA:158,25,0,28
BRDA:167,26,0,2
BRDA:177,27,0,18
BRDA:178,28,0,4
BRDA:185,29,0,3
BRDA:187,30,0,3
BRDA:192,31,0,18
BRDA:193,32,0,4
BRDA:200,33,0,1
BRF:34
BRH:34
end_of_record
TN:
SF:packages/core/src/controls/listControl.ts
FN:21,get controls
FN:25,get controlsChange
FN:29,<instance_members_initializer>
FN:44,_noError
FN:48,ListControl
FN:57,setValue
FN:66,reset
FN:79,get
FN:83,insert
FN:92,push
FN:96,remove
FN:103,initControls
FN:111,setValueToControls
FN:118,updatePrivateControlsAndResetSubscribeGraph
FN:124,updatePrivateControls
FN:128,getListValueFromControls
FN:143,resetGraph
FN:152,destroyGraph
FN:162,resetValueGraph
FN:178,resetValidGraph
FNF:20
FNH:20
FNDA:7,get controls
FNDA:18,get controlsChange
FNDA:6,<instance_members_initializer>
FNDA:20,_noError
FNDA:14,ListControl
FNDA:2,setValue
FNDA:1,reset
FNDA:8,get
FNDA:1,insert
FNDA:1,push
FNDA:1,remove
FNDA:14,initControls
FNDA:2,setValueToControls
FNDA:2,updatePrivateControlsAndResetSubscribeGraph
FNDA:2,updatePrivateControls
FNDA:20,getListValueFromControls
FNDA:19,resetGraph
FNDA:3,destroyGraph
FNDA:19,resetValueGraph
FNDA:19,resetValidGraph
DA:1,1
DA:2,1
DA:3,1
DA:4,1
DA:5,1
DA:6,1
DA:7,1
DA:8,1
DA:9,1
DA:10,1
DA:11,1
DA:12,1
DA:13,1
DA:14,1
DA:15,1
DA:16,1
DA:17,1
DA:18,1
DA:19,1
DA:20,1
DA:21,1
DA:22,7
DA:23,7
DA:24,1
DA:25,1
DA:26,18
DA:27,18
DA:28,1
DA:29,1
DA:30,6
DA:31,6
DA:32,6
DA:33,6
DA:34,6
DA:35,6
DA:36,6
DA:37,6
DA:38,6
DA:39,6
DA:40,6
DA:41,6
DA:42,6
DA:43,6
DA:44,6
DA:45,20
DA:46,6
DA:47,6
DA:48,6
DA:49,14
DA:50,14
DA:51,14
DA:52,14
DA:53,14
DA:54,14
DA:55,14
DA:56,6
DA:57,6
DA:58,2
DA:59,2
DA:60,2
DA:61,2
DA:62,2
DA:63,2
DA:64,6
DA:65,6
DA:66,6
DA:67,1
DA:68,1
DA:69,1
DA:70,1
DA:71,1
DA:72,1
DA:73,6
DA:74,6
DA:75,6
DA:76,6
DA:77,6
DA:78,6
DA:79,6
DA:80,8
DA:81,6
DA:82,6
DA:83,6
DA:84,1
DA:85,1
DA:86,1
DA:87,1
DA:88,1
DA:89,1
DA:90,6
DA:91,6
DA:92,6
DA:93,1
DA:94,6
DA:95,6
DA:96,6
DA:97,1
DA:98,1
DA:99,1
DA:100,1
DA:101,6
DA:102,6
DA:103,6
DA:104,14
DA:105,23
DA:106,23
DA:107,23
DA:108,14
DA:109,6
DA:110,6
DA:111,6
DA:112,2
DA:113,4
DA:114,4
DA:115,2
DA:116,6
DA:117,6
DA:118,6
DA:119,2
DA:120,2
DA:121,2
DA:122,6
DA:123,6
DA:124,6
DA:125,2
DA:126,6
DA:127,6
DA:128,6
DA:129,20
DA:130,20
DA:131,34
DA:132,34
DA:133,34
DA:134,34
DA:135,20
DA:136,20
DA:137,20
DA:138,6
DA:139,6
DA:140,6
DA:141,6
DA:142,6
DA:143,6
DA:144,19
DA:145,19
DA:146,19
DA:147,19
DA:148,19
DA:149,19
DA:150,6
DA:151,6
DA:152,6
DA:153,3
DA:154,3
DA:155,3
DA:156,3
DA:157,3
DA:158,3
DA:159,3
DA:160,6
DA:161,6
DA:162,6
DA:163,19
DA:164,5
DA:165,5
DA:166,19
DA:167,19
DA:168,19
DA:169,19
DA:170,19
DA:171,19
DA:172,19
DA:173,19
DA:174,1
DA:175,19
DA:176,19
DA:177,6
DA:178,6
DA:179,19
DA:180,5
DA:181,5
DA:182,19
DA:183,19
DA:184,19
DA:185,19
DA:186,19
DA:187,19
DA:188,19
DA:189,19
DA:190,1
DA:191,1
LF:191
LH:191
BRDA:21,0,0,7
BRDA:25,1,0,18
BRDA:29,2,0,6
BRDA:44,3,0,20
BRDA:45,4,0,34
BRDA:48,5,0,14
BRDA:57,6,0,2
BRDA:66,7,0,1
BRDA:69,8,0,2
BRDA:79,9,0,8
BRDA:83,10,0,1
BRDA:85,11,0,2
BRDA:92,12,0,1
BRDA:96,13,0,1
BRDA:103,14,0,14
BRDA:104,15,0,23
BRDA:111,16,0,2
BRDA:112,17,0,4
BRDA:114,18,0,2
BRDA:118,19,0,2
BRDA:124,20,0,2
BRDA:128,21,0,20
BRDA:130,22,0,34
BRDA:143,23,0,19
BRDA:144,24,0,33
BRDA:145,25,0,33
BRDA:146,26,0,33
BRDA:152,27,0,3
BRDA:162,28,0,19
BRDA:163,29,0,5
BRDA:170,30,0,1
BRDA:171,31,0,1
BRDA:173,32,0,1
BRDA:178,33,0,19
BRDA:179,34,0,5
BRF:35
BRH:35
end_of_record
TN:
SF:packages/core/src/utils/help.ts
FN:7,getErrorsBy
FN:23,createControl
FNF:2
FNH:2
FNDA:177,getErrorsBy
FNDA:33,createControl
DA:1,1
DA:2,1
DA:3,1
DA:4,1
DA:5,1
DA:6,1
DA:7,1
DA:8,177
DA:9,10
DA:10,10
DA:11,7
DA:12,7
DA:13,10
DA:14,177
DA:15,177
DA:16,177
DA:17,177
DA:18,1
DA:19,1
DA:20,1
DA:21,1
DA:22,1
DA:23,1
DA:24,33
DA:25,9
DA:26,33
DA:27,24
DA:28,24
DA:29,33
LF:29
LH:29
BRDA:7,0,0,177
BRDA:16,1,0,170
BRDA:16,2,0,7
BRDA:8,3,0,10
BRDA:10,4,0,7
BRDA:23,5,0,33
BRDA:24,6,0,9
BRDA:26,7,0,24
BRF:8
BRH:8
end_of_record
TN:
SF:packages/core/src/utils/index.ts
FNF:0
FNH:0
DA:1,1
LF:1
LH:1
BRF:0
BRH:0
end_of_record
TN:
SF:packages/core/src/validators/index.ts
FN:6,isEmptyInputValue
FN:8,hasValidLength
FN:16,minValidator
FN:32,maxValidator
FN:48,requiredValidator
FN:55,requiredTrueValidator
FN:62,emailValidator
FN:73,minLengthValidator
FN:91,maxLengthValidator
FN:102,nullValidator
FN:109,patternValidator
FNF:11
FNH:11
FNDA:102,isEmptyInputValue
FNDA:27,hasValidLength
FNDA:15,minValidator
FNDA:15,maxValidator
FNDA:14,requiredValidator
FNDA:2,requiredTrueValidator
FNDA:7,emailValidator
FNDA:15,minLengthValidator
FNDA:15,maxLengthValidator
FNDA:2,nullValidator
FNDA:14,patternValidator
DA:1,1
DA:2,1
DA:3,1
DA:4,1
DA:5,1
DA:6,1
DA:7,1
DA:8,27
DA:9,27
DA:10,27
DA:11,27
DA:12,1
DA:13,1
DA:14,1
DA:15,1
DA:16,1
DA:17,15
DA:18,15
DA:19,5
DA:20,5
DA:21,10
DA:22,10
DA:23,10
DA:24,15
DA:25,15
DA:26,15
DA:27,1
DA:28,1
DA:29,1
DA:30,1
DA:31,1
DA:32,1
DA:33,15
DA:34,15
DA:35,5
DA:36,5
DA:37,10
DA:38,10
DA:39,10
DA:40,15
DA:41,15
DA:42,15
DA:43,1
DA:44,1
DA:45,1
DA:46,1
DA:47,1
DA:48,1
DA:49,1
DA:50,1
DA:51,1
DA:52,1
DA:53,1
DA:54,1
DA:55,1
DA:56,2
DA:57,2
DA:58,1
DA:59,1
DA:60,1
DA:61,1
DA:62,1
DA:63,7
DA:64,2
DA:65,2
DA:66,7
DA:67,7
DA:68,1
DA:69,1
DA:70,1
DA:71,1
DA:72,1
DA:73,1
DA:74,15
DA:75,15
DA:76,9
DA:77,9
DA:78,9
DA:79,9
DA:80,6
DA:81,6
DA:82,15
DA:83,15
DA:84,15
DA:85,15
DA:86,1
DA:87,1
DA:88,1
DA:89,1
DA:90,1
DA:91,1
DA:92,15
DA:93,15
DA:94,15
DA:95,15
DA:96,15
DA:97,15
DA:98,1
DA:99,1
DA:100,1
DA:101,1
DA:102,1
DA:103,2
DA:104,2
DA:105,1
DA:106,1
DA:107,1
DA:108,1
DA:109,1
DA:110,14
DA:111,12
DA:112,12
DA:113,14
DA:114,10
DA:115,10
DA:116,10
DA:117,10
DA:118,10
DA:119,10
DA:120,10
DA:121,10
DA:122,10
DA:123,14
DA:124,2
DA:125,2
DA:126,2
DA:127,12
DA:128,12
DA:129,4
DA:130,4
DA:131,8
DA:132,12
DA:133,12
DA:134,12
LF:134
LH:134
BRDA:6,0,0,102
BRDA:6,1,0,85
BRDA:8,2,0,27
BRDA:10,3,0,25
BRDA:16,4,0,15
BRDA:17,5,0,15
BRDA:18,6,0,12
BRDA:18,7,0,5
BRDA:21,8,0,10
BRDA:24,9,0,9
BRDA:24,10,0,4
BRDA:24,11,0,6
BRDA:32,12,0,15
BRDA:33,13,0,15
BRDA:34,14,0,12
BRDA:34,15,0,5
BRDA:37,16,0,10
BRDA:40,17,0,9
BRDA:40,18,0,4
BRDA:40,19,0,6
BRDA:48,20,0,14
BRDA:49,21,0,10
BRDA:49,22,0,4
BRDA:55,23,0,2
BRDA:56,24,0,1
BRDA:56,25,0,1
BRDA:62,26,0,7
BRDA:63,27,0,5
BRDA:63,28,0,2
BRDA:66,29,0,3
BRDA:66,30,0,2
BRDA:73,31,0,15
BRDA:74,32,0,15
BRDA:75,33,0,12
BRDA:75,34,0,9
BRDA:80,35,0,6
BRDA:82,36,0,3
BRDA:83,37,0,3
BRDA:91,38,0,15
BRDA:92,39,0,15
BRDA:93,40,0,7
BRDA:94,41,0,3
BRDA:95,42,0,12
BRDA:102,43,0,2
BRDA:109,44,0,14
BRDA:110,45,0,2
BRDA:111,46,0,12
BRDA:113,47,0,10
BRDA:116,48,0,8
BRDA:120,49,0,8
BRDA:123,50,0,2
BRDA:127,51,0,12
BRDA:127,52,0,12
BRDA:128,53,0,4
BRDA:131,54,0,8
BRDA:132,55,0,6
BRDA:132,56,0,2
BRF:57
BRH:57
end_of_record
TN:
SF:packages/react/src/index.ts
FN:4,get
FN:5,get
FN:6,get
FN:7,get
FN:12,get
FN:13,get
FN:14,get
FN:15,get
FN:16,get
FN:17,get
FNF:10
FNH:10
FNDA:8,get
FNDA:3,get
FNDA:2,get
FNDA:2,get
FNDA:6,get
FNDA:6,get
FNDA:6,get
FNDA:5,get
FNDA:5,get
FNDA:5,get
DA:1,1
DA:2,1
DA:3,1
DA:4,1
DA:5,1
DA:6,1
DA:7,1
DA:8,1
DA:9,1
DA:10,1
DA:11,1
DA:12,1
DA:13,1
DA:14,1
DA:15,1
DA:16,1
DA:17,1
DA:18,1
DA:19,1
LF:19
LH:19
BRDA:4,0,0,8
BRDA:5,1,0,3
BRDA:6,2,0,2
BRDA:7,3,0,2
BRDA:12,4,0,6
BRDA:13,5,0,6
BRDA:14,6,0,6
BRDA:15,7,0,5
BRDA:16,8,0,5
BRDA:17,9,0,5
BRF:10
BRH:10
end_of_record
TN:
SF:packages/react/src/hooks/index.ts
FN:4,useUpdateEffect
FN:25,useControlValue
FN:52,useControlDisabled
FN:79,useControlDirty
FN:106,useControlValid
FN:133,useControlErrors
FN:177,useControlControls
FNF:7
FNH:7
FNDA:91,useUpdateEffect
FNDA:14,useControlValue
FNDA:21,useControlDisabled
FNDA:16,useControlDirty
FNDA:15,useControlValid
FNDA:15,useControlErrors
FNDA:10,useControlControls
DA:1,1
DA:2,1
DA:3,1
DA:4,1
DA:5,91
DA:6,91
DA:7,91
DA:8,76
DA:9,64
DA:10,76
DA:11,12
DA:12,12
DA:13,76
DA:14,91
DA:15,91
DA:16,1
DA:17,1
DA:18,1
DA:19,1
DA:20,1
DA:21,1
DA:22,1
DA:23,1
DA:24,1
DA:25,14
DA:26,14
DA:27,14
DA:28,14
DA:29,11
DA:30,11
DA:31,11
DA:32,11
DA:33,14
DA:34,14
DA:35,14
DA:36,2
DA:37,14
DA:38,14
DA:39,14
DA:40,14
DA:41,1
DA:42,1
DA:43,1
DA:44,1
DA:45,1
DA:46,1
DA:47,1
DA:48,1
DA:49,1
DA:50,1
DA:51,1
DA:52,21
DA:53,21
DA:54,21
DA:55,21
DA:56,18
DA:57,18
DA:58,18
DA:59,18
DA:60,21
DA:61,21
DA:62,21
DA:63,2
DA:64,21
DA:65,21
DA:66,21
DA:67,21
DA:68,1
DA:69,1
DA:70,1
DA:71,1
DA:72,1
DA:73,1
DA:74,1
DA:75,1
DA:76,1
DA:77,1
DA:78,1
DA:79,16
DA:80,16
DA:81,16
DA:82,16
DA:83,13
DA:84,13
DA:85,13
DA:86,13
DA:87,16
DA:88,16
DA:89,16
DA:90,2
DA:91,16
DA:92,16
DA:93,16
DA:94,16
DA:95,1
DA:96,1
DA:97,1
DA:98,1
DA:99,1
DA:100,1
DA:101,1
DA:102,1
DA:103,1
DA:104,1
DA:105,1
DA:106,15
DA:107,15
DA:108,15
DA:109,15
DA:110,13
DA:111,13
DA:112,13
DA:113,13
DA:114,15
DA:115,15
DA:116,15
DA:117,2
DA:118,15
DA:119,15
DA:120,15
DA:121,15
DA:122,1
DA:123,1
DA:124,1
DA:125,1
DA:126,1
DA:127,1
DA:128,1
DA:129,1
DA:130,1
DA:131,1
DA:132,1
DA:133,15
DA:134,15
DA:135,15
DA:136,15
DA:137,13
DA:138,13
DA:139,13
DA:140,13
DA:141,15
DA:142,15
DA:143,15
DA:144,2
DA:145,15
DA:146,15
DA:147,15
DA:148,15
DA:149,1
DA:150,1
DA:151,1
DA:152,1
DA:153,1
DA:154,1
DA:155,1
DA:156,1
DA:157,1
DA:158,1
DA:159,1
DA:160,1
DA:161,1
DA:162,1
DA:163,1
DA:164,1
DA:165,1
DA:166,1
DA:167,1
DA:168,1
DA:169,1
DA:170,1
DA:171,1
DA:172,1
DA:173,1
DA:174,1
DA:175,1
DA:176,1
DA:177,10
DA:178,10
DA:179,10
DA:180,10
DA:181,8
DA:182,8
DA:183,8
DA:184,8
DA:185,8
DA:186,10
DA:187,10
DA:188,10
DA:189,2
DA:190,10
DA:191,10
DA:192,10
DA:193,10
DA:194,1
DA:195,1
DA:196,1
DA:197,1
DA:198,1
LF:198
LH:198
BRDA:4,0,0,91
BRDA:7,1,0,76
BRDA:8,2,0,64
BRDA:10,3,0,12
BRDA:25,4,0,14
BRDA:28,5,0,11
BRDA:30,6,0,11
BRDA:35,7,0,2
BRDA:52,8,0,21
BRDA:55,9,0,18
BRDA:57,10,0,18
BRDA:62,11,0,2
BRDA:79,12,0,16
BRDA:82,13,0,13
BRDA:84,14,0,13
BRDA:89,15,0,2
BRDA:106,16,0,15
BRDA:107,17,0,14
BRDA:107,18,0,1
BRDA:109,19,0,13
BRDA:111,20,0,13
BRDA:116,21,0,2
BRDA:117,22,0,1
BRDA:117,23,0,1
BRDA:133,24,0,15
BRDA:134,25,0,11
BRDA:136,26,0,13
BRDA:138,27,0,13
BRDA:143,28,0,2
BRDA:177,29,0,10
BRDA:180,30,0,8
BRDA:183,31,0,8
BRDA:188,32,0,2
BRF:33
BRH:33
end_of_record
TN:
SF:packages/react/src/items/context.ts
FNF:0
FNH:0
DA:1,1
DA:2,1
DA:3,1
DA:4,1
LF:4
LH:4
BRF:0
BRH:0
end_of_record
TN:
SF:packages/react/src/items/error.tsx
FN:10,Error
FNF:1
FNH:1
FNDA:2,Error
DA:1,1
DA:2,1
DA:3,1
DA:4,1
DA:5,1
DA:6,1
DA:7,1
DA:8,1
DA:9,1
DA:10,1
DA:11,2
DA:12,2
DA:13,2
DA:14,2
DA:15,2
DA:16,2
DA:17,2
DA:18,2
DA:19,2
DA:20,2
DA:21,2
DA:22,2
DA:23,2
DA:24,2
DA:25,2
DA:26,2
DA:27,2
DA:28,2
DA:29,2
DA:30,2
DA:31,2
DA:32,2
DA:33,2
LF:33
LH:33
BRDA:10,0,0,2
BRDA:16,1,0,1
BRDA:17,2,0,1
BRF:3
BRH:3
end_of_record
TN:
SF:packages/react/src/items/field.tsx
FN:10,Field
FNF:1
FNH:1
FNDA:9,Field
DA:1,1
DA:2,1
DA:3,1
DA:4,1
DA:5,1
DA:6,1
DA:7,1
DA:8,1
DA:9,1
DA:10,9
DA:11,9
DA:12,9
DA:13,9
DA:14,9
DA:15,9
DA:16,9
DA:17,9
DA:18,9
DA:19,9
DA:20,9
DA:21,9
DA:22,9
DA:23,0
DA:24,0
DA:25,8
DA:26,8
DA:27,8
DA:28,8
DA:29,8
DA:30,8
DA:31,8
DA:32,8
DA:33,8
DA:34,8
DA:35,8
DA:36,8
DA:37,8
DA:38,8
DA:39,8
DA:40,8
DA:41,8
DA:42,8
DA:43,8
DA:44,8
DA:45,8
DA:46,8
DA:47,8
DA:48,8
DA:49,8
LF:49
LH:47
BRDA:10,0,0,9
BRDA:19,1,0,7
BRDA:20,2,0,1
BRDA:22,3,0,0
BRDA:25,4,0,8
BRF:5
BRH:4
end_of_record
TN:
SF:packages/react/src/items/group.tsx
FN:10,Group
FNF:1
FNH:1
FNDA:4,Group
DA:1,1
DA:2,1
DA:3,1
DA:4,1
DA:5,1
DA:6,1
DA:7,1
DA:8,1
DA:9,1
DA:10,1
DA:11,4
DA:12,4
DA:13,4
DA:14,4
DA:15,4
DA:16,4
DA:17,4
DA:18,4
DA:19,4
DA:20,0
DA:21,0
DA:22,3
DA:23,3
DA:24,3
DA:25,3
DA:26,3
DA:27,3
DA:28,3
DA:29,3
DA:30,3
DA:31,3
DA:32,3
DA:33,3
LF:33
LH:31
BRDA:10,0,0,4
BRDA:16,1,0,1
BRDA:17,2,0,2
BRDA:19,3,0,0
BRDA:22,4,0,3
BRF:5
BRH:4
end_of_record
TN:
SF:packages/react/src/items/list.tsx
FN:10,List
FNF:1
FNH:1
FNDA:2,List
DA:1,1
DA:2,1
DA:3,1
DA:4,1
DA:5,1
DA:6,1
DA:7,1
DA:8,1
DA:9,1
DA:10,1
DA:11,2
DA:12,2
DA:13,2
DA:14,2
DA:15,2
DA:16,2
DA:17,2
DA:18,2
DA:19,2
DA:20,0
DA:21,0
DA:22,2
DA:23,2
DA:24,2
DA:25,2
DA:26,2
DA:27,2
DA:28,2
DA:29,2
DA:30,2
DA:31,2
DA:32,2
DA:33,2
DA:34,2
LF:34
LH:32
BRDA:10,0,0,2
BRDA:16,1,0,1
BRDA:17,2,0,1
BRDA:19,3,0,0
BRF:4
BRH:3
end_of_record
TN:
SF:packages/react/src/utils/help.ts
FN:14,isFieldWithNameProps
FN:18,isGroupWithNameProps
FN:22,isListWithNameProps
FN:26,isErrorWithNameProps
FNF:4
FNH:4
FNDA:8,isFieldWithNameProps
FNDA:3,isGroupWithNameProps
FNDA:2,isListWithNameProps
FNDA:2,isErrorWithNameProps
DA:1,1
DA:2,1
DA:3,1
DA:4,1
DA:5,1
DA:6,1
DA:7,1
DA:8,1
DA:9,1
DA:10,1
DA:11,1
DA:12,1
DA:13,1
DA:14,8
DA:15,8
DA:16,8
DA:17,1
DA:18,1
DA:19,3
DA:20,3
DA:21,1
DA:22,1
DA:23,2
DA:24,2
DA:25,1
DA:26,2
DA:27,2
DA:28,2
LF:28
LH:28
BRDA:14,0,0,8
BRDA:18,1,0,3
BRDA:22,2,0,2
BRDA:26,3,0,2
BRF:4
BRH:4
end_of_record
TN:
SF:packages/react/src/utils/index.ts
FNF:0
FNH:0
DA:1,1
LF:1
LH:1
BRF:0
BRH:0
end_of_record
