TN:
SF:packages/core/src/index.ts
FN:4,get
FN:5,get
FN:6,get
FN:7,get
FN:29,get
FN:30,get
FN:31,get
FN:32,get
FN:33,get
FN:34,get
FN:35,get
FN:36,get
FN:37,get
FNF:13
FNH:11
FNDA:124,get
FNDA:14,get
FNDA:14,get
FNDA:0,get
FNDA:16,get
FNDA:2,get
FNDA:15,get
FNDA:15,get
FNDA:5,get
FNDA:15,get
FNDA:15,get
FNDA:0,get
FNDA:14,get
DA:1,1
DA:2,1
DA:3,1
DA:4,1
DA:5,1
DA:6,1
DA:7,1
DA:8,1
DA:9,1
DA:10,1
DA:11,1
DA:12,1
DA:13,1
DA:14,1
DA:15,1
DA:16,1
DA:17,1
DA:18,1
DA:19,1
DA:20,1
DA:21,1
DA:22,1
DA:23,1
DA:24,1
DA:25,1
DA:26,1
DA:27,1
DA:28,1
DA:29,1
DA:30,1
DA:31,1
DA:32,1
DA:33,1
DA:34,1
DA:35,1
DA:36,1
DA:37,1
DA:38,1
LF:38
LH:38
BRDA:4,0,0,124
BRDA:5,1,0,14
BRDA:6,2,0,14
BRDA:29,3,0,16
BRDA:30,4,0,2
BRDA:31,5,0,15
BRDA:32,6,0,15
BRDA:33,7,0,5
BRDA:34,8,0,15
BRDA:35,9,0,15
BRDA:37,10,0,14
BRF:11
BRH:11
end_of_record
TN:
SF:packages/core/src/controls/abstractControl.ts
FN:12,get value
FN:16,get errors
FN:20,get asyncErrors
FN:24,get valid
FN:28,get invalid
FN:32,get disabled
FN:36,get enabled
FN:40,get dirty
FN:44,get pristine
FN:48,get valueChange
FN:52,get errorsChange
FN:56,get asyncErrorsChange
FN:60,get disabledChange
FN:64,get dirtyChange
FN:68,get validChange
FN:72,get asyncValidSubjectNotifierChange
FN:96,<instance_members_initializer>
FN:117,initBasicParams
FN:191,destroy
FN:195,setErrors
FN:202,setAsyncErrors
FN:209,setValidators
FN:216,setAsyncValidators
FN:223,disable
FN:227,enable
FN:231,markAsDirty
FN:235,markAsPristine
FN:239,validateAndUpdateErrors
FN:246,asyncValidateAndUpdateErrors
FN:251,setValid
FN:265,setValidByAsyncAction
FN:272,setDisabled
FN:280,setDirty
FNF:33
FNH:33
FNDA:302,get value
FNDA:343,get errors
FNDA:303,get asyncErrors
FNDA:113,get valid
FNDA:1,get invalid
FNDA:24,get disabled
FNDA:35,get enabled
FNDA:57,get dirty
FNDA:6,get pristine
FNDA:612,get valueChange
FNDA:186,get errorsChange
FNDA:187,get asyncErrorsChange
FNDA:239,get disabledChange
FNDA:185,get dirtyChange
FNDA:244,get validChange
FNDA:178,get asyncValidSubjectNotifierChange
FNDA:178,<instance_members_initializer>
FNDA:178,initBasicParams
FNDA:1,destroy
FNDA:43,setErrors
FNDA:8,setAsyncErrors
FNDA:5,setValidators
FNDA:1,setAsyncValidators
FNDA:2,disable
FNDA:2,enable
FNDA:40,markAsDirty
FNDA:3,markAsPristine
FNDA:43,validateAndUpdateErrors
FNDA:12,asyncValidateAndUpdateErrors
FNDA:56,setValid
FNDA:8,setValidByAsyncAction
FNDA:4,setDisabled
FNDA:43,setDirty
DA:1,1
DA:2,1
DA:3,1
DA:4,1
DA:5,1
DA:6,1
DA:7,1
DA:8,1
DA:9,1
DA:10,1
DA:11,1
DA:12,1
DA:13,302
DA:14,302
DA:15,1
DA:16,1
DA:17,343
DA:18,343
DA:19,1
DA:20,1
DA:21,303
DA:22,303
DA:23,1
DA:24,1
DA:25,113
DA:26,113
DA:27,1
DA:28,1
DA:29,1
DA:30,1
DA:31,1
DA:32,1
DA:33,24
DA:34,24
DA:35,1
DA:36,1
DA:37,35
DA:38,35
DA:39,1
DA:40,1
DA:41,57
DA:42,57
DA:43,1
DA:44,1
DA:45,6
DA:46,6
DA:47,1
DA:48,1
DA:49,612
DA:50,612
DA:51,1
DA:52,1
DA:53,186
DA:54,186
DA:55,1
DA:56,1
DA:57,187
DA:58,187
DA:59,1
DA:60,1
DA:61,239
DA:62,239
DA:63,1
DA:64,1
DA:65,185
DA:66,185
DA:67,1
DA:68,1
DA:69,244
DA:70,244
DA:71,1
DA:72,1
DA:73,178
DA:74,178
DA:75,178
DA:76,17
DA:77,17
DA:78,17
DA:79,17
DA:80,16
DA:81,9
DA:82,9
DA:83,16
DA:84,17
DA:85,17
DA:86,178
DA:87,178
DA:88,178
DA:89,1
DA:90,1
DA:91,1
DA:92,1
DA:93,1
DA:94,1
DA:95,1
DA:96,1
DA:97,178
DA:98,178
DA:99,178
DA:100,178
DA:101,178
DA:102,178
DA:103,178
DA:104,178
DA:105,178
DA:106,178
DA:107,178
DA:108,178
DA:109,178
DA:110,178
DA:111,178
DA:112,178
DA:113,178
DA:114,178
DA:115,178
DA:116,178
DA:117,178
DA:118,178
DA:119,178
DA:120,178
DA:121,178
DA:122,178
DA:123,178
DA:124,178
DA:125,178
DA:126,178
DA:127,178
DA:128,178
DA:129,178
DA:130,178
DA:131,178
DA:132,178
DA:133,178
DA:134,178
DA:135,178
DA:136,178
DA:137,176
DA:138,176
DA:139,178
DA:140,178
DA:141,18
DA:142,178
DA:143,178
DA:144,178
DA:145,5
DA:146,178
DA:147,178
DA:148,178
DA:149,8
DA:150,8
DA:151,178
DA:152,178
DA:153,178
DA:154,6
DA:155,178
DA:156,178
DA:157,178
DA:158,3
DA:159,178
DA:160,178
DA:161,178
DA:162,29
DA:163,178
DA:164,178
DA:165,178
DA:166,40
DA:167,178
DA:168,178
DA:169,178
DA:170,176
DA:171,176
DA:172,178
DA:173,178
DA:174,5
DA:175,5
DA:176,5
DA:177,5
DA:178,5
DA:179,5
DA:180,178
DA:181,178
DA:182,178
DA:183,178
DA:184,178
DA:185,177
DA:186,177
DA:187,178
DA:188,178
DA:189,178
DA:190,178
DA:191,178
DA:192,1
DA:193,178
DA:194,178
DA:195,178
DA:196,43
DA:197,38
DA:198,38
DA:199,5
DA:200,178
DA:201,178
DA:202,178
DA:203,8
DA:204,2
DA:205,2
DA:206,6
DA:207,178
DA:208,178
DA:209,178
DA:210,5
DA:211,5
DA:212,3
DA:213,3
DA:214,178
DA:215,178
DA:216,178
DA:217,1
DA:218,1
DA:219,1
DA:220,1
DA:221,178
DA:222,178
DA:223,178
DA:224,2
DA:225,178
DA:226,178
DA:227,178
DA:228,2
DA:229,178
DA:230,178
DA:231,178
DA:232,40
DA:233,178
DA:234,178
DA:235,178
DA:236,3
DA:237,178
DA:238,178
DA:239,178
DA:240,43
DA:241,43
DA:242,43
DA:243,43
DA:244,178
DA:245,178
DA:246,178
DA:247,12
DA:248,12
DA:249,178
DA:250,178
DA:251,178
DA:252,56
DA:253,38
DA:254,38
DA:255,18
DA:256,18
DA:257,18
DA:258,56
DA:259,8
DA:260,8
DA:261,10
DA:262,10
DA:263,178
DA:264,178
DA:265,178
DA:266,8
DA:267,0
DA:268,0
DA:269,8
DA:270,178
DA:271,178
DA:272,178
DA:273,4
DA:274,1
DA:275,1
DA:276,3
DA:277,3
DA:278,178
DA:279,178
DA:280,178
DA:281,43
DA:282,14
DA:283,14
DA:284,29
DA:285,29
DA:286,1
DA:287,1
LF:287
LH:285
BRDA:12,0,0,302
BRDA:16,1,0,343
BRDA:20,2,0,303
BRDA:24,3,0,113
BRDA:28,4,0,1
BRDA:32,5,0,24
BRDA:36,6,0,35
BRDA:40,7,0,57
BRDA:44,8,0,6
BRDA:48,9,0,612
BRDA:52,10,0,186
BRDA:56,11,0,187
BRDA:60,12,0,239
BRDA:64,13,0,185
BRDA:68,14,0,244
BRDA:72,15,0,178
BRDA:75,16,0,17
BRDA:76,17,0,16
BRDA:78,18,0,17
BRDA:79,19,0,16
BRDA:80,20,0,9
BRDA:96,21,0,178
BRDA:117,22,0,178
BRDA:136,23,0,176
BRDA:169,24,0,176
BRDA:173,25,0,5
BRDA:182,26,0,5
BRDA:182,27,0,1
BRDA:182,28,0,4
BRDA:182,29,0,173
BRDA:184,30,0,177
BRDA:140,31,0,18
BRDA:144,32,0,5
BRDA:148,33,0,8
BRDA:153,34,0,6
BRDA:157,35,0,3
BRDA:161,36,0,29
BRDA:165,37,0,40
BRDA:191,38,0,1
BRDA:195,39,0,43
BRDA:196,40,0,41
BRDA:196,41,0,38
BRDA:199,42,0,5
BRDA:202,43,0,8
BRDA:203,44,0,2
BRDA:206,45,0,6
BRDA:209,46,0,5
BRDA:211,47,0,3
BRDA:216,48,0,1
BRDA:223,49,0,2
BRDA:227,50,0,2
BRDA:231,51,0,40
BRDA:235,52,0,3
BRDA:239,53,0,43
BRDA:246,54,0,12
BRDA:251,55,0,56
BRDA:252,56,0,38
BRDA:255,57,0,37
BRDA:255,58,0,18
BRDA:258,59,0,13
BRDA:258,60,0,46
BRDA:258,61,0,8
BRDA:261,62,0,10
BRDA:265,63,0,8
BRDA:266,64,0,0
BRDA:272,65,0,4
BRDA:273,66,0,1
BRDA:276,67,0,3
BRDA:280,68,0,43
BRDA:281,69,0,14
BRDA:284,70,0,29
BRF:71
BRH:70
end_of_record
TN:
SF:packages/core/src/controls/fieldControl.ts
FN:6,<instance_members_initializer>
FN:8,_noError
FN:9,FieldControl
FN:15,setValue
FN:35,reset
FNF:5
FNH:5
FNDA:153,<instance_members_initializer>
FNDA:246,_noError
FNDA:153,FieldControl
FNDA:32,setValue
FNDA:9,reset
DA:1,1
DA:2,1
DA:3,1
DA:4,1
DA:5,1
DA:6,1
DA:7,153
DA:8,153
DA:9,153
DA:10,153
DA:11,153
DA:12,153
DA:13,153
DA:14,153
DA:15,153
DA:16,32
DA:17,32
DA:18,32
DA:19,32
DA:20,32
DA:21,32
DA:22,32
DA:23,32
DA:24,32
DA:25,32
DA:26,32
DA:27,4
DA:28,4
DA:29,28
DA:30,28
DA:31,28
DA:32,28
DA:33,153
DA:34,153
DA:35,153
DA:36,9
DA:37,1
DA:38,1
LF:38
LH:38
BRDA:6,0,0,153
BRDA:8,1,0,246
BRDA:8,2,0,235
BRDA:9,3,0,153
BRDA:15,4,0,32
BRDA:26,5,0,4
BRDA:29,6,0,28
BRDA:35,7,0,9
BRF:8
BRH:8
end_of_record
TN:
SF:packages/core/src/controls/groupControl.ts
FN:21,get controls
FN:25,get controlsChange
FN:29,<instance_members_initializer>
FN:43,_noError
FN:47,GroupControl
FN:56,setValue
FN:68,reset
FN:77,get
FN:81,add
FN:98,remove
FN:114,initControls
FN:129,setValueToControls
FN:136,updatePrivateControlsAndResetSubscribeGraph
FN:142,getGroupValueFromControls
FN:154,resetGraph
FN:167,destroyGraph
FN:177,resetValueGraph
FN:192,resetValidGraph
FNF:18
FNH:18
FNDA:15,get controls
FNDA:18,get controlsChange
FNDA:13,<instance_members_initializer>
FNDA:22,_noError
FNDA:13,GroupControl
FNDA:1,setValue
FNDA:1,reset
FNDA:14,get
FNDA:2,add
FNDA:2,remove
FNDA:13,initControls
FNDA:1,setValueToControls
FNDA:2,updatePrivateControlsAndResetSubscribeGraph
FNDA:20,getGroupValueFromControls
FNDA:17,resetGraph
FNDA:2,destroyGraph
FNDA:17,resetValueGraph
FNDA:17,resetValidGraph
DA:1,1
DA:2,1
DA:3,1
DA:4,1
DA:5,1
DA:6,1
DA:7,1
DA:8,1
DA:9,1
DA:10,1
DA:11,1
DA:12,1
DA:13,1
DA:14,1
DA:15,1
DA:16,1
DA:17,1
DA:18,1
DA:19,1
DA:20,1
DA:21,1
DA:22,15
DA:23,15
DA:24,1
DA:25,1
DA:26,18
DA:27,18
DA:28,1
DA:29,1
DA:30,13
DA:31,13
DA:32,13
DA:33,13
DA:34,13
DA:35,13
DA:36,13
DA:37,13
DA:38,13
DA:39,13
DA:40,13
DA:41,13
DA:42,13
DA:43,13
DA:44,22
DA:45,13
DA:46,13
DA:47,13
DA:48,13
DA:49,13
DA:50,13
DA:51,13
DA:52,13
DA:53,13
DA:54,13
DA:55,13
DA:56,13
DA:57,1
DA:58,1
DA:59,1
DA:60,1
DA:61,1
DA:62,1
DA:63,1
DA:64,1
DA:65,1
DA:66,13
DA:67,13
DA:68,13
DA:69,1
DA:70,1
DA:71,1
DA:72,1
DA:73,1
DA:74,1
DA:75,13
DA:76,13
DA:77,13
DA:78,14
DA:79,13
DA:80,13
DA:81,13
DA:82,2
DA:83,2
DA:84,2
DA:85,2
DA:86,1
DA:87,1
DA:88,1
DA:89,1
DA:90,1
DA:91,1
DA:92,1
DA:93,1
DA:94,1
DA:95,1
DA:96,13
DA:97,13
DA:98,13
DA:99,2
DA:100,2
DA:101,2
DA:102,2
DA:103,1
DA:104,1
DA:105,1
DA:106,1
DA:107,1
DA:108,1
DA:109,1
DA:110,1
DA:111,1
DA:112,13
DA:113,13
DA:114,13
DA:115,13
DA:116,13
DA:117,13
DA:118,19
DA:119,19
DA:120,19
DA:121,19
DA:122,19
DA:123,19
DA:124,19
DA:125,13
DA:126,13
DA:127,13
DA:128,13
DA:129,13
DA:130,1
DA:131,2
DA:132,2
DA:133,1
DA:134,13
DA:135,13
DA:136,13
DA:137,2
DA:138,2
DA:139,2
DA:140,13
DA:141,13
DA:142,13
DA:143,20
DA:144,20
DA:145,28
DA:146,28
DA:147,20
DA:148,20
DA:149,13
DA:150,13
DA:151,13
DA:152,13
DA:153,13
DA:154,13
DA:155,17
DA:156,17
DA:157,17
DA:158,17
DA:159,17
DA:160,17
DA:161,17
DA:162,13
DA:163,13
DA:164,13
DA:165,13
DA:166,13
DA:167,13
DA:168,2
DA:169,2
DA:170,2
DA:171,2
DA:172,2
DA:173,2
DA:174,2
DA:175,13
DA:176,13
DA:177,13
DA:178,17
DA:179,4
DA:180,4
DA:181,17
DA:182,17
DA:183,17
DA:184,17
DA:185,17
DA:186,17
DA:187,17
DA:188,3
DA:189,17
DA:190,17
DA:191,13
DA:192,13
DA:193,17
DA:194,4
DA:195,4
DA:196,17
DA:197,17
DA:198,17
DA:199,17
DA:200,17
DA:201,17
DA:202,17
DA:203,1
DA:204,1
LF:204
LH:204
BRDA:21,0,0,15
BRDA:25,1,0,18
BRDA:29,2,0,13
BRDA:43,3,0,22
BRDA:44,4,0,30
BRDA:47,5,0,13
BRDA:56,6,0,1
BRDA:68,7,0,1
BRDA:71,8,0,1
BRDA:77,9,0,14
BRDA:81,10,0,2
BRDA:85,11,0,1
BRDA:98,12,0,2
BRDA:102,13,0,1
BRDA:114,14,0,13
BRDA:117,15,0,19
BRDA:129,16,0,1
BRDA:130,17,0,2
BRDA:132,18,0,1
BRDA:136,19,0,2
BRDA:142,20,0,20
BRDA:144,21,0,28
BRDA:154,22,0,17
BRDA:156,23,0,25
BRDA:157,24,0,25
BRDA:158,25,0,25
BRDA:167,26,0,2
BRDA:177,27,0,17
BRDA:178,28,0,4
BRDA:185,29,0,3
BRDA:187,30,0,3
BRDA:192,31,0,17
BRDA:193,32,0,4
BRDA:200,33,0,1
BRF:34
BRH:34
end_of_record
TN:
SF:packages/core/src/controls/listControl.ts
FN:21,get controls
FN:25,get controlsChange
FN:29,<instance_members_initializer>
FN:44,_noError
FN:48,ListControl
FN:57,setValue
FN:66,reset
FN:79,get
FN:83,insert
FN:92,push
FN:96,remove
FN:103,initControls
FN:111,setValueToControls
FN:118,updatePrivateControlsAndResetSubscribeGraph
FN:124,updatePrivateControls
FN:128,getListValueFromControls
FN:143,resetGraph
FN:152,destroyGraph
FN:162,resetValueGraph
FN:178,resetValidGraph
FNF:20
FNH:20
FNDA:6,get controls
FNDA:16,get controlsChange
FNDA:12,<instance_members_initializer>
FNDA:19,_noError
FNDA:13,ListControl
FNDA:2,setValue
FNDA:1,reset
FNDA:7,get
FNDA:1,insert
FNDA:1,push
FNDA:1,remove
FNDA:13,initControls
FNDA:2,setValueToControls
FNDA:2,updatePrivateControlsAndResetSubscribeGraph
FNDA:2,updatePrivateControls
FNDA:19,getListValueFromControls
FNDA:18,resetGraph
FNDA:3,destroyGraph
FNDA:18,resetValueGraph
FNDA:18,resetValidGraph
DA:1,1
DA:2,1
DA:3,1
DA:4,1
DA:5,1
DA:6,1
DA:7,1
DA:8,1
DA:9,1
DA:10,1
DA:11,1
DA:12,1
DA:13,1
DA:14,1
DA:15,1
DA:16,1
DA:17,1
DA:18,1
DA:19,1
DA:20,1
DA:21,1
DA:22,6
DA:23,6
DA:24,1
DA:25,1
DA:26,16
DA:27,16
DA:28,1
DA:29,1
DA:30,12
DA:31,12
DA:32,12
DA:33,12
DA:34,12
DA:35,12
DA:36,12
DA:37,12
DA:38,12
DA:39,12
DA:40,12
DA:41,12
DA:42,12
DA:43,12
DA:44,12
DA:45,19
DA:46,12
DA:47,12
DA:48,12
DA:49,13
DA:50,13
DA:51,13
DA:52,13
DA:53,13
DA:54,13
DA:55,13
DA:56,12
DA:57,12
DA:58,2
DA:59,2
DA:60,2
DA:61,2
DA:62,2
DA:63,2
DA:64,12
DA:65,12
DA:66,12
DA:67,1
DA:68,1
DA:69,1
DA:70,1
DA:71,1
DA:72,1
DA:73,12
DA:74,12
DA:75,12
DA:76,12
DA:77,12
DA:78,12
DA:79,12
DA:80,7
DA:81,12
DA:82,12
DA:83,12
DA:84,1
DA:85,1
DA:86,1
DA:87,1
DA:88,1
DA:89,1
DA:90,12
DA:91,12
DA:92,12
DA:93,1
DA:94,12
DA:95,12
DA:96,12
DA:97,1
DA:98,1
DA:99,1
DA:100,1
DA:101,12
DA:102,12
DA:103,12
DA:104,13
DA:105,22
DA:106,22
DA:107,22
DA:108,13
DA:109,12
DA:110,12
DA:111,12
DA:112,2
DA:113,4
DA:114,4
DA:115,2
DA:116,12
DA:117,12
DA:118,12
DA:119,2
DA:120,2
DA:121,2
DA:122,12
DA:123,12
DA:124,12
DA:125,2
DA:126,12
DA:127,12
DA:128,12
DA:129,19
DA:130,19
DA:131,33
DA:132,33
DA:133,33
DA:134,33
DA:135,19
DA:136,19
DA:137,19
DA:138,12
DA:139,12
DA:140,12
DA:141,12
DA:142,12
DA:143,12
DA:144,18
DA:145,18
DA:146,18
DA:147,18
DA:148,18
DA:149,18
DA:150,12
DA:151,12
DA:152,12
DA:153,3
DA:154,3
DA:155,3
DA:156,3
DA:157,3
DA:158,3
DA:159,3
DA:160,12
DA:161,12
DA:162,12
DA:163,18
DA:164,5
DA:165,5
DA:166,18
DA:167,18
DA:168,18
DA:169,18
DA:170,18
DA:171,18
DA:172,18
DA:173,18
DA:174,1
DA:175,18
DA:176,18
DA:177,12
DA:178,12
DA:179,18
DA:180,5
DA:181,5
DA:182,18
DA:183,18
DA:184,18
DA:185,18
DA:186,18
DA:187,18
DA:188,18
DA:189,18
DA:190,1
DA:191,1
LF:191
LH:191
BRDA:21,0,0,6
BRDA:25,1,0,16
BRDA:29,2,0,12
BRDA:44,3,0,19
BRDA:45,4,0,33
BRDA:48,5,0,13
BRDA:57,6,0,2
BRDA:66,7,0,1
BRDA:69,8,0,2
BRDA:79,9,0,7
BRDA:83,10,0,1
BRDA:85,11,0,2
BRDA:92,12,0,1
BRDA:96,13,0,1
BRDA:103,14,0,13
BRDA:104,15,0,22
BRDA:111,16,0,2
BRDA:112,17,0,4
BRDA:114,18,0,2
BRDA:118,19,0,2
BRDA:124,20,0,2
BRDA:128,21,0,19
BRDA:130,22,0,33
BRDA:143,23,0,18
BRDA:144,24,0,32
BRDA:145,25,0,32
BRDA:146,26,0,32
BRDA:152,27,0,3
BRDA:162,28,0,18
BRDA:163,29,0,5
BRDA:170,30,0,1
BRDA:171,31,0,1
BRDA:173,32,0,1
BRDA:178,33,0,18
BRDA:179,34,0,5
BRF:35
BRH:35
end_of_record
TN:
SF:packages/core/src/utils/help.ts
FN:7,getErrorsBy
FN:19,createControl
FNF:2
FNH:2
FNDA:219,getErrorsBy
FNDA:44,createControl
DA:1,1
DA:2,1
DA:3,1
DA:4,1
DA:5,1
DA:6,1
DA:7,1
DA:8,219
DA:9,11
DA:10,11
DA:11,8
DA:12,8
DA:13,11
DA:14,219
DA:15,219
DA:16,219
DA:17,219
DA:18,1
DA:19,1
DA:20,44
DA:21,9
DA:22,44
DA:23,35
DA:24,35
DA:25,44
LF:25
LH:25
BRDA:7,0,0,219
BRDA:16,1,0,212
BRDA:16,2,0,7
BRDA:8,3,0,11
BRDA:10,4,0,8
BRDA:19,5,0,44
BRDA:20,6,0,9
BRDA:22,7,0,35
BRF:8
BRH:8
end_of_record
TN:
SF:packages/core/src/utils/index.ts
FNF:0
FNH:0
DA:1,1
LF:1
LH:1
BRF:0
BRH:0
end_of_record
TN:
SF:packages/core/src/validators/index.ts
FN:6,isEmptyInputValue
FN:8,hasValidLength
FN:16,minValidator
FN:32,maxValidator
FN:48,requiredValidator
FN:55,requiredTrueValidator
FN:62,emailValidator
FN:73,minLengthValidator
FN:91,maxLengthValidator
FN:102,nullValidator
FN:109,patternValidator
FNF:11
FNH:11
FNDA:103,isEmptyInputValue
FNDA:27,hasValidLength
FNDA:15,minValidator
FNDA:15,maxValidator
FNDA:15,requiredValidator
FNDA:2,requiredTrueValidator
FNDA:7,emailValidator
FNDA:15,minLengthValidator
FNDA:15,maxLengthValidator
FNDA:2,nullValidator
FNDA:14,patternValidator
DA:1,1
DA:2,1
DA:3,1
DA:4,1
DA:5,1
DA:6,1
DA:7,1
DA:8,27
DA:9,27
DA:10,27
DA:11,27
DA:12,1
DA:13,1
DA:14,1
DA:15,1
DA:16,1
DA:17,15
DA:18,15
DA:19,5
DA:20,5
DA:21,10
DA:22,10
DA:23,10
DA:24,15
DA:25,15
DA:26,15
DA:27,1
DA:28,1
DA:29,1
DA:30,1
DA:31,1
DA:32,1
DA:33,15
DA:34,15
DA:35,5
DA:36,5
DA:37,10
DA:38,10
DA:39,10
DA:40,15
DA:41,15
DA:42,15
DA:43,1
DA:44,1
DA:45,1
DA:46,1
DA:47,1
DA:48,1
DA:49,1
DA:50,1
DA:51,1
DA:52,1
DA:53,1
DA:54,1
DA:55,1
DA:56,2
DA:57,2
DA:58,1
DA:59,1
DA:60,1
DA:61,1
DA:62,1
DA:63,7
DA:64,2
DA:65,2
DA:66,7
DA:67,7
DA:68,1
DA:69,1
DA:70,1
DA:71,1
DA:72,1
DA:73,1
DA:74,15
DA:75,15
DA:76,9
DA:77,9
DA:78,9
DA:79,9
DA:80,6
DA:81,6
DA:82,15
DA:83,15
DA:84,15
DA:85,15
DA:86,1
DA:87,1
DA:88,1
DA:89,1
DA:90,1
DA:91,1
DA:92,15
DA:93,15
DA:94,15
DA:95,15
DA:96,15
DA:97,15
DA:98,1
DA:99,1
DA:100,1
DA:101,1
DA:102,1
DA:103,2
DA:104,2
DA:105,1
DA:106,1
DA:107,1
DA:108,1
DA:109,1
DA:110,14
DA:111,12
DA:112,12
DA:113,14
DA:114,10
DA:115,10
DA:116,10
DA:117,10
DA:118,10
DA:119,10
DA:120,10
DA:121,10
DA:122,10
DA:123,14
DA:124,2
DA:125,2
DA:126,2
DA:127,12
DA:128,12
DA:129,4
DA:130,4
DA:131,8
DA:132,12
DA:133,12
DA:134,12
LF:134
LH:134
BRDA:6,0,0,103
BRDA:6,1,0,86
BRDA:8,2,0,27
BRDA:10,3,0,25
BRDA:16,4,0,15
BRDA:17,5,0,15
BRDA:18,6,0,12
BRDA:18,7,0,5
BRDA:21,8,0,10
BRDA:24,9,0,9
BRDA:24,10,0,4
BRDA:24,11,0,6
BRDA:32,12,0,15
BRDA:33,13,0,15
BRDA:34,14,0,12
BRDA:34,15,0,5
BRDA:37,16,0,10
BRDA:40,17,0,9
BRDA:40,18,0,4
BRDA:40,19,0,6
BRDA:48,20,0,15
BRDA:49,21,0,11
BRDA:49,22,0,4
BRDA:55,23,0,2
BRDA:56,24,0,1
BRDA:56,25,0,1
BRDA:62,26,0,7
BRDA:63,27,0,5
BRDA:63,28,0,2
BRDA:66,29,0,3
BRDA:66,30,0,2
BRDA:73,31,0,15
BRDA:74,32,0,15
BRDA:75,33,0,12
BRDA:75,34,0,9
BRDA:80,35,0,6
BRDA:82,36,0,3
BRDA:83,37,0,3
BRDA:91,38,0,15
BRDA:92,39,0,15
BRDA:93,40,0,7
BRDA:94,41,0,3
BRDA:95,42,0,12
BRDA:102,43,0,2
BRDA:109,44,0,14
BRDA:110,45,0,2
BRDA:111,46,0,12
BRDA:113,47,0,10
BRDA:116,48,0,8
BRDA:120,49,0,8
BRDA:123,50,0,2
BRDA:127,51,0,12
BRDA:127,52,0,12
BRDA:128,53,0,4
BRDA:131,54,0,8
BRDA:132,55,0,6
BRDA:132,56,0,2
BRF:57
BRH:57
end_of_record
TN:
SF:packages/react/src/index.ts
FN:4,get
FN:5,get
FN:6,get
FN:7,get
FN:12,get
FN:13,get
FN:14,get
FN:15,get
FN:16,get
FN:17,get
FN:18,get
FNF:11
FNH:11
FNDA:8,get
FNDA:3,get
FNDA:2,get
FNDA:2,get
FNDA:6,get
FNDA:6,get
FNDA:6,get
FNDA:5,get
FNDA:5,get
FNDA:5,get
FNDA:1,get
DA:1,1
DA:2,1
DA:3,1
DA:4,1
DA:5,1
DA:6,1
DA:7,1
DA:8,1
DA:9,1
DA:10,1
DA:11,1
DA:12,1
DA:13,1
DA:14,1
DA:15,1
DA:16,1
DA:17,1
DA:18,1
DA:19,1
LF:19
LH:19
BRDA:4,0,0,8
BRDA:5,1,0,3
BRDA:6,2,0,2
BRDA:7,3,0,2
BRDA:12,4,0,6
BRDA:13,5,0,6
BRDA:14,6,0,6
BRDA:15,7,0,5
BRDA:16,8,0,5
BRDA:17,9,0,5
BRDA:18,10,0,1
BRF:11
BRH:11
end_of_record
TN:
SF:packages/react/src/hooks/index.ts
FN:4,useUpdateEffect
FN:17,useControlValue
FN:34,useControlDisabled
FN:51,useControlDirty
FN:68,useControlValid
FN:85,useControlErrors
FN:102,useControlAsyncErrors
FN:119,useControlControls
FNF:8
FNH:8
FNDA:100,useUpdateEffect
FNDA:14,useControlValue
FNDA:21,useControlDisabled
FNDA:16,useControlDirty
FNDA:15,useControlValid
FNDA:15,useControlErrors
FNDA:9,useControlAsyncErrors
FNDA:10,useControlControls
DA:1,1
DA:2,1
DA:3,1
DA:4,1
DA:5,100
DA:6,100
DA:7,100
DA:8,85
DA:9,73
DA:10,85
DA:11,12
DA:12,12
DA:13,85
DA:14,100
DA:15,100
DA:16,1
DA:17,1
DA:18,14
DA:19,14
DA:20,14
DA:21,11
DA:22,11
DA:23,11
DA:24,11
DA:25,14
DA:26,14
DA:27,14
DA:28,2
DA:29,14
DA:30,14
DA:31,14
DA:32,14
DA:33,1
DA:34,1
DA:35,21
DA:36,21
DA:37,21
DA:38,18
DA:39,18
DA:40,18
DA:41,18
DA:42,21
DA:43,21
DA:44,21
DA:45,2
DA:46,21
DA:47,21
DA:48,21
DA:49,21
DA:50,1
DA:51,1
DA:52,16
DA:53,16
DA:54,16
DA:55,13
DA:56,13
DA:57,13
DA:58,13
DA:59,16
DA:60,16
DA:61,16
DA:62,2
DA:63,16
DA:64,16
DA:65,16
DA:66,16
DA:67,1
DA:68,1
DA:69,15
DA:70,15
DA:71,15
DA:72,13
DA:73,13
DA:74,13
DA:75,13
DA:76,15
DA:77,15
DA:78,15
DA:79,2
DA:80,15
DA:81,15
DA:82,15
DA:83,15
DA:84,1
DA:85,1
DA:86,15
DA:87,15
DA:88,15
DA:89,13
DA:90,13
DA:91,13
DA:92,13
DA:93,15
DA:94,15
DA:95,15
DA:96,2
DA:97,15
DA:98,15
DA:99,15
DA:100,15
DA:101,1
DA:102,1
DA:103,9
DA:104,9
DA:105,9
DA:106,9
DA:107,9
DA:108,9
DA:109,9
DA:110,9
DA:111,9
DA:112,9
DA:113,0
DA:114,9
DA:115,9
DA:116,9
DA:117,9
DA:118,1
DA:119,1
DA:120,10
DA:121,10
DA:122,10
DA:123,8
DA:124,8
DA:125,8
DA:126,8
DA:127,8
DA:128,10
DA:129,10
DA:130,10
DA:131,2
DA:132,10
DA:133,10
DA:134,10
DA:135,10
LF:135
LH:134
BRDA:4,0,0,100
BRDA:7,1,0,85
BRDA:8,2,0,73
BRDA:10,3,0,12
BRDA:17,4,0,14
BRDA:20,5,0,11
BRDA:22,6,0,11
BRDA:27,7,0,2
BRDA:34,8,0,21
BRDA:37,9,0,18
BRDA:39,10,0,18
BRDA:44,11,0,2
BRDA:51,12,0,16
BRDA:54,13,0,13
BRDA:56,14,0,13
BRDA:61,15,0,2
BRDA:68,16,0,15
BRDA:69,17,0,14
BRDA:69,18,0,1
BRDA:71,19,0,13
BRDA:73,20,0,13
BRDA:78,21,0,2
BRDA:79,22,0,1
BRDA:79,23,0,1
BRDA:85,24,0,15
BRDA:86,25,0,11
BRDA:88,26,0,13
BRDA:90,27,0,13
BRDA:95,28,0,2
BRDA:102,29,0,9
BRDA:105,30,0,9
BRDA:107,31,0,9
BRDA:119,32,0,10
BRDA:122,33,0,8
BRDA:125,34,0,8
BRDA:130,35,0,2
BRF:36
BRH:36
end_of_record
TN:
SF:packages/react/src/items/context.ts
FNF:0
FNH:0
DA:1,1
DA:2,1
DA:3,1
DA:4,1
LF:4
LH:4
BRF:0
BRH:0
end_of_record
TN:
SF:packages/react/src/items/error.tsx
FN:10,Error
FNF:1
FNH:1
FNDA:2,Error
DA:1,1
DA:2,1
DA:3,1
DA:4,1
DA:5,1
DA:6,1
DA:7,1
DA:8,1
DA:9,1
DA:10,1
DA:11,2
DA:12,2
DA:13,2
DA:14,2
DA:15,2
DA:16,2
DA:17,2
DA:18,2
DA:19,2
DA:20,2
DA:21,2
DA:22,2
DA:23,2
DA:24,2
DA:25,2
DA:26,2
DA:27,2
DA:28,2
DA:29,2
DA:30,2
DA:31,2
DA:32,2
DA:33,2
LF:33
LH:33
BRDA:10,0,0,2
BRDA:16,1,0,1
BRDA:17,2,0,1
BRF:3
BRH:3
end_of_record
TN:
SF:packages/react/src/items/field.tsx
FN:17,Field
FNF:1
FNH:1
FNDA:9,Field
DA:1,1
DA:2,1
DA:3,1
DA:4,1
DA:5,1
DA:6,1
DA:7,1
DA:8,1
DA:9,1
DA:10,1
DA:11,1
DA:12,1
DA:13,1
DA:14,1
DA:15,1
DA:16,1
DA:17,9
DA:18,9
DA:19,9
DA:20,9
DA:21,9
DA:22,9
DA:23,9
DA:24,9
DA:25,9
DA:26,9
DA:27,9
DA:28,9
DA:29,9
DA:30,0
DA:31,0
DA:32,8
DA:33,8
DA:34,8
DA:35,8
DA:36,8
DA:37,8
DA:38,8
DA:39,8
DA:40,8
DA:41,8
DA:42,8
DA:43,8
DA:44,8
DA:45,8
DA:46,8
DA:47,8
DA:48,8
DA:49,8
DA:50,8
DA:51,8
DA:52,8
DA:53,8
DA:54,8
DA:55,8
DA:56,8
DA:57,8
LF:57
LH:55
BRDA:17,0,0,9
BRDA:26,1,0,7
BRDA:27,2,0,1
BRDA:29,3,0,0
BRDA:32,4,0,8
BRF:5
BRH:4
end_of_record
TN:
SF:packages/react/src/items/group.tsx
FN:10,Group
FNF:1
FNH:1
FNDA:4,Group
DA:1,1
DA:2,1
DA:3,1
DA:4,1
DA:5,1
DA:6,1
DA:7,1
DA:8,1
DA:9,1
DA:10,1
DA:11,4
DA:12,4
DA:13,4
DA:14,4
DA:15,4
DA:16,4
DA:17,4
DA:18,4
DA:19,4
DA:20,0
DA:21,0
DA:22,3
DA:23,3
DA:24,3
DA:25,3
DA:26,3
DA:27,3
DA:28,3
DA:29,3
DA:30,3
DA:31,3
DA:32,3
DA:33,3
LF:33
LH:31
BRDA:10,0,0,4
BRDA:16,1,0,1
BRDA:17,2,0,2
BRDA:19,3,0,0
BRDA:22,4,0,3
BRF:5
BRH:4
end_of_record
TN:
SF:packages/react/src/items/list.tsx
FN:10,List
FNF:1
FNH:1
FNDA:2,List
DA:1,1
DA:2,1
DA:3,1
DA:4,1
DA:5,1
DA:6,1
DA:7,1
DA:8,1
DA:9,1
DA:10,1
DA:11,2
DA:12,2
DA:13,2
DA:14,2
DA:15,2
DA:16,2
DA:17,2
DA:18,2
DA:19,2
DA:20,0
DA:21,0
DA:22,2
DA:23,2
DA:24,2
DA:25,2
DA:26,2
DA:27,2
DA:28,2
DA:29,2
DA:30,2
DA:31,2
DA:32,2
DA:33,2
DA:34,2
LF:34
LH:32
BRDA:10,0,0,2
BRDA:16,1,0,1
BRDA:17,2,0,1
BRDA:19,3,0,0
BRF:4
BRH:3
end_of_record
TN:
SF:packages/react/src/utils/help.ts
FN:14,isFieldWithNameProps
FN:18,isGroupWithNameProps
FN:22,isListWithNameProps
FN:26,isErrorWithNameProps
FNF:4
FNH:4
FNDA:8,isFieldWithNameProps
FNDA:3,isGroupWithNameProps
FNDA:2,isListWithNameProps
FNDA:2,isErrorWithNameProps
DA:1,1
DA:2,1
DA:3,1
DA:4,1
DA:5,1
DA:6,1
DA:7,1
DA:8,1
DA:9,1
DA:10,1
DA:11,1
DA:12,1
DA:13,1
DA:14,8
DA:15,8
DA:16,8
DA:17,1
DA:18,1
DA:19,3
DA:20,3
DA:21,1
DA:22,1
DA:23,2
DA:24,2
DA:25,1
DA:26,2
DA:27,2
DA:28,2
LF:28
LH:28
BRDA:14,0,0,8
BRDA:18,1,0,3
BRDA:22,2,0,2
BRDA:26,3,0,2
BRF:4
BRH:4
end_of_record
TN:
SF:packages/react/src/utils/index.ts
FNF:0
FNH:0
DA:1,1
LF:1
LH:1
BRF:0
BRH:0
end_of_record
